PocketMine-MP Crash Dump Mon Jul 19 16:56:36 UTC 2021

Error: Cannot declare class muqsit\invmenu\InvMenuHandler, because the name is already in use
File: plugins/VanishV2/src/superbobby/VanishV2/libs/muqsit/invmenu/InvMenuHandler
Line: 35
Type: E_ERROR

THIS CRASH WAS CAUSED BY A PLUGIN
BAD PLUGIN: VanishV2 v1.20

Code:
[26] use muqsit\invmenu\metadata\MenuMetadata;
[27] use muqsit\invmenu\metadata\SingleBlockActorMenuMetadata;
[28] use muqsit\invmenu\session\network\handler\PlayerNetworkHandlerRegistry;
[29] use pocketmine\block\BlockFactory;
[30] use pocketmine\block\BlockIds;
[31] use pocketmine\network\mcpe\protocol\types\WindowTypes;
[32] use pocketmine\plugin\Plugin;
[33] use pocketmine\tile\Tile;
[34] 
[35] final class InvMenuHandler{
[36] 
[37] 	/** @var Plugin|null */
[38] 	private static $registrant;
[39] 
[40] 	/** @var MenuMetadata[] */
[41] 	private static $menu_types = [];
[42] 
[43] 	public static function getRegistrant() : ?Plugin{
[44] 		return self::$registrant;
[45] 	}

Backtrace:

PocketMine-MP version: 3.21.1 [Protocol 440]
Git commit: a50ef2af6f6a695e3002f4397ff089635c181dbb
uname -a: Linux ab081f5f-65a0-48cb-9a92-6a9c90f7a9c3 4.15.0-112-generic #113-Ubuntu SMP Thu Jul 9 23:41:39 UTC 2020 x86_64
PHP Version: 7.4.21
Zend version: 3.4.0
OS : Linux, linux
Composer libraries: 
- adhocore/json-comment 1.1.2@fc2f76979f0a44a5f5bc2a2b600d0762fe0e78e7
- daverandom/callback-validator unknown@unknown
- pocketmine/binaryutils 0.1.13@0abee38d4e2861621f262c79a2a3d699d8a697f4
- pocketmine/callback-validator 1.0.3@64787469766bcaa7e5885242e85c23c25e8c55a2
- pocketmine/classloader 0.1.2@9757928424652393b178a3760073113aa7c9911b
- pocketmine/log 0.2.1@830b44a2cf96ef703c550abe64302f230231ca49
- pocketmine/log-pthreads 0.1.3@e477ecf6ec214fdd4415ea1da3fdd9d73bf699ea
- pocketmine/math 0.2.6@43057cb8c179a9859677b496a788db922fd5cfc3
- pocketmine/nbt 0.2.18@9f82ca4d7f97fcd9a566e44b63c4f18a7657ae82
- pocketmine/pocketmine-mp 3.21.1@a50ef2af6f6a695e3002f4397ff089635c181dbb
- pocketmine/raklib 0.12.11@9cce458b8bfde3e4dfdbf70c659fc7b7fe26b5c4
- pocketmine/snooze 0.1.5@70b5e7937a06878dd321a3182ceb76d56298f2cd
- pocketmine/spl 0.4.2@6b08b7cf8c4afa17139c9a1b3bf1b408531de161

Loaded plugins:
AlwaysSpawn 2.2.4 by Philip Shilling for API(s) 3.0.0
Bank 0.43 by  for API(s) 3.0.0
BedrockClans 3.2 by Wertzui123 for API(s) 3.0.0
BlazinFly 1.8.7 by iiFlamiinBlaze for API(s) 3.0.0
BuilderTools 1.2.0-beta4 by CzechPMDevs, VixikHD for API(s) 3.16.0
DevTools 1.14.2 by PocketMine Team for API(s) 3.13.0
EconomyAPI 5.7.2 by onebone for API(s) 3.0.0
EnchantUI 0.6 by UnknownOre for API(s) 3.0.0
FormAPI 1.3.0 by jojoe77777 for API(s) 3.2.0
HubDelay 0.0.2 by sProDev <suluh@teknowebapp.com> for API(s) 3.0.0
InvCrashFix 0.0.1 by  for API(s) 3.14.0
JobGUI 1.0.0 by onebone, misael38 for API(s) 3.0.0
MaskShop 1 by PLUGPLUS for API(s) 3.0.0, 3.0.1, 3.0.0-ALPHA9, 3.0.0-ALPHA10
MaxEnchants 1.2.1 by Xenophilicy for API(s) 3.0.0
MultiWorld 1.6.0-beta2 by CzechPMDevs, VixikCZ, fuyutsuki, kaliiks for API(s) 3.20.0
NameCorrectorPM 1.0.0 by Hoangviphb999 for API(s) 3.0.0
OreGen 1.2.5 by Xenophilicy for API(s) 3.0.0
PureChat 1.4.11 by 64FF00 for API(s) 3.0.0
PurePerms 1.4.3 by 64FF00 & ProjectInfinity for API(s) 3.0.0
Scoreboards 1.0.2 by Twisted for API(s) 3.0.0
ShopGUI- 6 by ItzFabb for API(s) 3.0.0
SimpleNPC 2.1.6 by brokiem for API(s) 3.20.0
SkyBlock 1 by  for API(s) 3
Slapper 1.6.2 by jojoe77777 for API(s) 3.19.0
SlapperRotation 1.2.1 by jojoe77777 for API(s) 3.0.0, 3.11.0, 4.0.0
Specter 0.9 by Falkirks for API(s) 3.14, 3.15, 3.16, 3.17, 3.18
Texter 4.0.7 by yuko_fuyutsuki, mfmfnek0, onebone, ogiwara, Shootsta_ERU0531, Toganon, ShadowArt, Marron0421, No4NaMe, iteplenky, SuperYYT, SuperAdam47, minijaham, VicoSilalahi, TobyDev265 for API(s) 3.19.0
ThirstBar 1.1 by BaliGamerz for API(s) 3.0.0
TokoThirstBar 1.1 by Rand for API(s) 3.0.0, 4.0.0
VanishV2 1.20 by superbobby for API(s) 3.0.0
WarpUI 3.3.1 by XenialDan for API(s) 3.11.0
WorldBorder 1.2.3 by iZeaoGamer for API(s) 3.0.0
WorldGuard 1.1.94 by MihaiChirculete for API(s) 3.20.0
Worlds 3.0.9 by survanetwork for API(s) 3.0.0

----------------------REPORT THE DATA BELOW THIS LINE-----------------------

===BEGIN CRASH DUMP===
eNrNPIty27aWv4JR7mybjiiLpN5d37XjR5N741hrOze9LTsZkAQlxiTBEqRtpdt/33MOQIqUncRJ
PTubTCISBA7O+0VIf/QiWaS8fH8jChXLrLcY9XtlnIrewp44k6ntTueTgTt07Nms36ty/cgZTCfu
2J3N3OnIdWYT2+33RFHIorf4o1ducpjSO3l/cnFxftHr91KhFF/h2BHPMlmyUAQJLwSD/5ViafW7
ikvPi7ObVGSV573Kbs7g4iXPwkQUfeaLgFdKsHItWMZTwWLFeFIIHm5YnDF4BJtEcYI75Em1ijO1
9y+exWr9L2dPFcGeqnJR+NL3N9vxJPbVnt56z+y8190YgCZxBkDd8Z99A/g9TJXJjYDpJewWxoUI
yl79FEZq+DAWyFAgP5wJjCP+9whNRclDXnLPw23PzN2PsNaZfnnNZZytEvEikcH1YVDK4h6M2adg
KBAIyNrzMlHeyuLa89aaZM9bJnwjijd63DDiQqxiVRYbAjo3QHPYVpQpMMjzfMTB8wiVU4640Fx3
+IW5r0JF8+wH5jWopUEOt3khSxnIxPNQvZTnvYuzUN5e4Q3BcB6AoaWCROEnTXMfmFaC6njeFfxP
U0YwBT/H8BnFGU+Mnna14w+cMjFTUVpeuffDD+zghhdM7/c/WZUk7Ic9nDCjCXkR3/BSMFXyMg7Y
3wrNWJ6VtPFcQxsNu9Dacv31Nw1wZD8IEMX7nhjE9tmvvyHUkWOgunpF5Scw0yyIqiwoQRPYSpQX
DTLfP2cL9l+aCCRzNKKlXlmIsioypkQSLRY72I/GNOnPHtgKDAag+r/+1u+tRCYKnqAdoOnCnCVx
/gw4b50tYaHPldh6n547cOyBjeNVnITghWYjp9+L1ftQ3PQWEU+UAHMz2gDeajSETWI0Rj4eisjh
0SSa8Ml8LNzh0IlG7nwaRcPZHPxVYM/s0PcBdmVweR1n1R3j/nBmR+PImoz50BrNAt+a87ljTfg8
mA+jKXy4bDSwx4OhZduORTQB957Ztmu99ausrNjl2ZJdrSv2jyphc+a4i5G9cOfs7dURc4bOkN3N
Ju8nI/QU6xw2ng5GQCfcfhRZSFSPBkP99L1UNWYwQDeJuQlkmkslivfgvApexEIhX3m4Bl4UYu+D
kpkFc4xzAjYOnIMocKLpZD6dR0M+GvFxNPYDhzv+ZDgMh9OJE4mhmM7EFMCHHMQA2i3TvYAnic+D
a+uGJzEoHnp24Np1Jm+zA/OJ6DZWtOeDpRSbCmwJMR7C3rZ7MOS+EO4sHAkMEhPHjpyJE0zn3OFu
OJnPwxlIahqNuqAe3NweDAfuwWQ0nU1HsGYy8QPOp2I8m42dkSNm48BxA2csZsF4zJ0dgGi/ieSh
KAxuzsF8Op7OHVCu0WTsuHPXt6cz7k6BLVMX5Aqwg/nctv0upESuCIIzsA9m7tAHjjpBNJ+IaDp0
YWckeDKCcBk58J9rB3w0vwfByss1Rq+aUe6BGE2nIogmInDsURSGo5E9FtwOuQs383Dq+hFwS/Au
KAjba4PN5AA2HU8DfxbYwN75bDyfTKf+aD7h09ks9OeOE4XjIArcLojML2t6ZgfzaOYAwuE0ApkE
4ZyPJxMxGvkTNxhF9oxPJ+MpF7Md5m4vrTRvDPjgK6yxBazg16Dbmi+Ak30wDwIxGs/8mR+FwhWj
MAp94HUwGc+jYOpPI+FM/HGwo0Eqk/KjMOwdH0yH/lhM5+6UDyez6SwMXcfmrg3UCn86CccTZz6L
nCDcAZInBAEs9WACLsKfBtEsGPGI25AWgWvgtg+Csf3RcDZ27VDYE7v3Z5MqkG0eJrd8oy5zDuay
dYHt0X5v6/sckANSwqtyLQsA8GtvuY6TOGeX8AFeYNUDl8rzGJ+4YBBDvBcZ9xMBXqQsKvCNocjB
pyjtfpWMyuP2QMopTckJrDJQPY8TRgox8rzX2lIg/YELmHx5dXhx9RZ99a3wIZNAEtDNv+DZdYsq
um2TA6xzO9R8Dnnj2R+FPe4EORPeNEguzy+v3p1fvD6+j6YIC5DqUcK1TGp028NttEGBuzJ4J4ry
YxXbjvtU7N9ChEyohcfjiFqXZa4We3sQ9taVPwCPv7cFuNehC8lP+Mc4O002bdqbsTbh9mA2mHZJ
j+PThKdxnOEK8VTkd6FiMmjQaV0+SrKYIojiSsqkI9n2cJdAB0K4D7nUjpUdfRTBenl2LG5wwb/i
u/j65XGHWnvy7eQGCD1PIYEBAfsauRKRA3K7qH6t2Ft473VAAXNgcJcxzVCXKfZoV+O3ORq7Ejzt
csL9dk7UCHheC5XPeJkHSN6ittfAAGpPApnJdHO4fNWitzXYpng8mO4SLDPhw7+nUnADzvOExgBg
el4Hmy/q9kkWQFFWvu3Q04x13eykS8xbnZ+dF09GzxYikFEj8XgPfCqLtCuZeqSriC7lwC1KPsgP
UkzxT4cS59sp2UL0PINEc/EYUl5W/rGAGrlFSzPUFcpwV8fUspCgsuw/VZVU64NSIE+Fz/McFfvv
TyWrF3wVHxU8Koe259W4fV1gIQQH6WYQh3tINFS+AFGtT+O7Ft3t0V3S7U/GfXv07aS1GhkB7hzF
d/ezlU/L7h/S/6ljT2agq4TDXSU0xtxnaay4SKCW/6o8puuF2kz7DKXGb3yQvuc1WH6RwDOuri/X
Mm+R2Ax1iNzx9q/f/gT/Lu/R1adP23wOrcPXy5eH8+6t/c3SPDu8/KcC1B7vR874nfE+qkPidnQ3
2u9Q+rPIJKW+weapzK0FEglpUOncPIq4Kinjd7LApseWtu1gl7SJSWScLyYyR79gd7SC0lxV1zFc
X0NVHV+rrkcdPlF6kyLCt4gwMKCN/F9JbVqAgFFvgDVHssDOqyyWZy1u7T75gmG/lDxb3cT52p/P
50+lDx0cPK9z+xg1gBj7k2gXi2ZgV7PH/7earbGoPx9DyLIqxNGal+3WXz3UJWYEhX6Xmsno9HQ4
/CpCCPhSFKm671d72JSG3TACw0Y/i5tYVmp5YtXjvS3V7/Xenlcju736Bi0mpMwriQaMYY5Gtssd
PbbLHvch7rD/YEDOB1CsV1kUZ3H5ZILvsIAwal0+ARM0HODCJbYtfcmLsM2H9uiuBe+4u6vbWJVA
3RMR3trZ87pofFHdMchCmLbahNRDbSp2cvVX5cdT7vtfp+rfklGYjYCurwq5l3GaJ+LN8qhNVzPW
bV7Zu4WIX8jrWKRPFmkMPM9TWR7gC7AtHl+rkwbUXgODEt3L6w29mGoTWw99OoFqkffNmmd28bxf
qiTi6zQ+/VB8hZQSqCJE0UbbjOxmDc6jCix7/u1CUnrnb25lbVHaq4nYUngh8cWVzO5T2jz5Qgr4
CYrrdNe26WL0l9xIF6OvEGMO3rwrRjPSra/mXZJOeXIdFzsZnT3S9Iz1x0R/TPXH7OtI68VHMisL
mbxtBUqlUQMzbHD8IoFX4q5Lnxlok4es3+lCbqpr+b6dwqZRGmXiGiVVd27gahXf8gLfkYCLk6Uq
+fuTi7fDsYsacCVXPCPtuFzzUN4eFhjOz3hRyGw4oldxb+ToDT9DSIAwOIXsGkv6Szw78O9/X9WX
hyFPR4hfCjH3A1/zlBLtQF7GCU/4OqbN/A0krs5k/Betqod9riiRty2+f8jxnbgvPK/hiOdpPn6z
zTWQ9oxAUFbruFDlC94RVzO200HsyusFVBg/wYri49M1NWqI0+kkeLxFXclr+SAhnfHPEnPBs/AB
V/GXPAS+ZQWhARKPIaI5U7LFv3XMpOPtdiqc7cGX3lO9e9mC9Lwai+3VY8h5x4u804YxA913MO4D
tXvMk2OedW3K/nYp3BHEkIOH1ih8TTOJytEXsgg7/qw9uhuIdrL4+BfBJen0XzOSdo+g9YqlgQ7E
bZF6vOXQop8qSH93ydODOzYzmO+8UjmL1zw+AhMLqkSU4i/mgL0LEaoS/PwRAozLFqU7GxlyCcn2
9Td4xR3Iey1gNYPULnN2XyXeC9aqKm64Odz0VN6RYHoetV2UIfrRhZp5Wz0gIAPAbO+ZBqTfZUNE
TYF4jfxgr3N6Z5CvyXtaViat2/ijZrNlhbFCIiyeqZhqElEATwZ5IcF3lHRspfds2dwxyC6ieMXw
CJ+XPTuTGR2jsekczXiycCbs3asXeI7G9rLRcLT/RpbsVFbgQzMN2orzfWw7w99mKJdFue9M3NHU
y1JZhvsd1NklzfKy2zWww0qgjtyXUeRleEKxygJh5XQSzuLBOhb6wJ/ah2Quo5fkFp5AEtQ82Lcn
sAG/MwvUvgM4rIBpqQzFPlxHsgBwzQjtAnwLsb7Ud/lNTqDDOIpiULZysw+U6qNTpSwsJcoyzlZq
38sSwCWxUOP2dZfNjCghwuYxngDbPz45PXz7+srLtEZZv1ei2NA2ZqCAKpLu8WKQc6UAYrj/A/0B
RlSltBS/ETTnJha3KNeSA2/2Z15258s7C/Vak5DwbFXxldgX2crrHg0abFI8SPGMoethAcm6Kig1
JpEzYBDrCAeUgF2thRKsppzhcVE8/wkuQMEFL1mgz5L6gsVZkFShCPEw6D1VQ1iXMoWVEQLYhal4
JPpMwpNCIUjmF4Jfs42sCgOLxREDwcVRTDsEupmXbBDwG3HbgNsLRcRBdordyuy7kmENwAuGbEzx
sB1PEjquWq5jpem+XYuMVfmq4CEAGHioXAbYwssYe/ZuLRAxVkrYJQsZgGCqLAh5PHgHpVYJSNFj
QhVKSA6AgZ/gsIhfobiJA8H0+U4cSRGyVslaZgtGCQA+UOuqhOw4s8yZ3QXzetpSWJBIJUKvR5gd
JpCUMrQaQIYZF8JuYs7+G9UM55C+WebRgqE7o6UnpH1mDQO8GBoCA4kBUxCav2GGlTjfKGvzuIXs
s3cxMERmwFcehqwQSrMf2QoMv2ap4ODVyHbxzLAvEGlgjvi94gmybRXfwNwbnlSCfW82BT/zHKHr
HcFMBHoSC9i+WoliwdC8Ye83VeoDV0CrDtUmC664umbo00GPBjThLXCLVLumFKetodyQFUgPpqs+
IxNmxtDBHvoMj/gV+ngu8Qb8NY6lVQYahFM08EsSL56DzgHPuxg0TAAbgCTS3KxBDnlrEHoVoa7i
HNTJPovL74B9ZUHLQoHuTB+x7i5m3wMNeGTWIbYQGZahdEGgdnWVk3IUVZahOEN0STInIdDhBzVg
+BpUX7M0Xq3BmLGD1W8bn1Ec5EhRVHmpRzXDkDEp4GboIuGCUdLJx1AbBL+RcQhoP4wB6gjqnARG
g3YNWooGky09qdE0cO/guouNNsqfEumD9mAsZnoc7CCNS7TtVKy4vymB4+xSs3pIzNXxkJZfodRu
Y+I8aRQY7a2lAdVKpojCKAYUwSMB9hnBigoh6i21koO0KjRTtpIgKIlmilqBG60ITYtQW7AhUgG7
kwvWpw//31OAyc3n8McY+tfwh4wyJxSM+2xQMuAUA/eBgRH8Xo0Q7lpjZQ+dkUGMnMA7sgqDn/ru
CTAkuyCU0GOwoILgk0HwYeJOBBU5X6lR1haJwaqZLe4CyArUliLtuM6vThbs6uWrS/b61dmrK3a4
XL5+dXLJlicXDNLEf55c9BlMYlfnMOuEvXt5/vqELS/Oj04uLwe7LqDDD2c8MexYiiKWFJDRESsk
MFgLcsnEjcbZ2sB7SAlC8i00xQJXKLSbJVDYeoozcNCgTUjvp5RNKxmkcxgAM5xmNiPIGgi43q0j
1xGJ9jjHGIJxnhYM7s9GXTCZOYgtFwGmA5qziK6Wq17b0ADqJXK1JdUdGlrV84dRMpS7hvIVL3yw
DCuQSaJTTXJAD3OXTA3RMauYWQW+O+VZRclHGxNIzCrQwef9OibsKmGthjq8RhHA0vSmWxMcsHPt
87XCQ/YgqyRscIkhiNxmbIu/0oBzQh8InQyHhlbY7ZScxb0gSaqjITS0RYVM62CrV5sZVls12xJG
aowk7+kGe0ClOtpxWSeMge6CUpZiFDms0lxnVzqFY+aBhQ9qeR3jJLOAcCc0awrgDsI8GDt/gMEQ
tCHwwQ43+LUnVQl0DOUapLaqs010WrjbFqt+LUidI5ikcqCxwamf5BPWMcG6yq5VjfsRz3E0TqsU
YiyE14LVZQAKkumqR2Ox5Svai2ElWcx9HYNkOzcY0YYWZsEVBN1RI7FjqR/t6jTmRuj1NHw9uTYh
DctMbFNGmYMVQDknGtqOARXKVSB9RO4BdjrB0FByjjUJ02s0hVvqYJnhpyl2zc44eZvtIgMTLAMM
3M+D+pweeplpGixMiIDUbC0TnWL6vIQyFTNxQhmyJlAhE2TIt+nKxzzVocUXTbKpw9uztpTqR+hW
i02JwPvMslsCJOHRxlZZI2NCAHntbR5LRSmmkKGmHGsZSvRxMQwatAbsJeSCoEv7lNyxo+XbPqwF
HHywr9s4BLWnXEF7zwa+RfAXbFKn3duMXBF3WnMH7DAER7XmSbQHpaQuE0I8IWe2gk0Ztk1QwVqG
uA17LWDtUuTkDr0appg8GTBE4u0yW9bJ9rYAxFoCkbrF9hQsrPIst8z9TnVzZqxOxR9FI09My2sx
Kgx4JmWCtF2rRyu0juaOXvR8wJZmTcKLFS3gphI1ukA7RgVfIQkgE2CbyhPKWLC8TAF5NHZeoJyO
khjbIVQvF1BMCVWys6u3hKkCkpBsvyoZ1uckyu12urgY1L4mLSsLVy0IW9TyUPjValEXLH9nNhYq
Jl1bg6nSc2bKU6ULatTkTEkduIw22AhMOycN7WgtoYBFDazrFFFXouTB8Ot1TPGb2lNi66NuAuGz
VgkLiFF3Ticsph/xQcaZLoapDfQd+9mXd6j1BXt1zL7/+e2r4+dAM6g84ADzb8HdgybRURRQDKxf
CiheBtsMEDRB0hRidgaa/vOL1zV8U9u0Rr6jzbA1REETsg8scikME22y7o6YENLp4NC28CyONtZd
FYdbajmkKeDcBC9rtwnk6zcGdRVAFaRBFNQGkk7KyDIZ4HdXaC1ozRnfMP1F3lTe1EU5RjQTBsgV
W/UzvaXaOsC6z9VukFxRh0Oru/4es5YFzTW6XSnTaQnAkEvt6swaS69ZsBxypJs4wW20GzcuyuyC
cYhnq6ZOyHBZshsO+/WsTq/swaaUFvJhKiu04EjHG2PQyEojYoyv6KGoHQFqiNcUIGHxBYXL1mIi
PBO6/PWFBuaLCO2PepYU4da1vpOKUyuzE3g1+bhRQz74IcZ3UQVaAoocTEBMewjL4cNo8gIbt4zX
ZgfI1ovxs8HGJVvG5oBV5aC/QrV8Y4AxlTaizm3bNI9pM/qWsSIHhPwUBUqa6S83MkMdM82UOoDT
mg7pAM9iDnvGVlCGqS17tg2bhkOD+ywyrumWx1SngZuEIkbLJpd5ldTKaG4wktEc4xBdcoeU4Fu5
cWIYS9AvQbAzqTN1aXWLamGCOHbUqGzUwzoGGnnhl72aXkfLyFHfLfzC+s5QY27d4XwN2WYkWxIB
K7P0G4Vm5lqiZAiVQZ6m+SCWhDE4sk2KZQ99CVkBhWqLOtZy5jnbPicSyInx1aqAAlo3y0xnTTcQ
8EvH17v0EX5gwefH5wvgh2Vcvo586BRuhc6tOZjOLe2oCPEtATQ2aLWzIdA2nNeqqYVzj6kgUP3c
KBPEePx+LkWqdopI47LNOsi6M9STVueqD/4xX3P8NQT05QXiVWdh4HojUUCmbaEHyjD86ad1tNKx
gnc6YeYtVSu8VpBxQiQnL1Y7CwOQJK+f13vck7SmtS3qMk63vtrEXwSK89ES0DWjZNFh4obU4jOL
6nbuYLuBedLeoebm5yO8cdtautoqWp0TAwPAl4afdY9kbQbJY2CRY/Jm4zGw5QylSUiJYxw1gKD6
AEL0+wX0QHXjQPs4gGdcZB3ZeBJzZaoSSCQ5nkgzd5jyAI5GVotaaPoZ6C12sBbsV8pVIH72qaX1
GwLV7/CaMNl+70FkYN5YxKFpGtSvmqgb8FDEooBOEVpRfkzFJr54BlxNuG2jr/clHPQlwxdUGBV0
9NruuGCnrw+vFs6P0/54fmf33Tu37/xo/xhiPkR2/n1ZCLgB57o/G2pXrO9G4+c6ydOvGNq1urZw
jC3AY9NKa35DJAGpBRt8k1IFZVXUTrkuUIrm5QR5HIADoSqglz+qZphVv9gAXdDZ7LNTcjW0Fc3v
AKkoUzC/IdIasSi1bOV8MqfyVtyB41OmtguusTpQVMcAR/wY8vKNzuFoHtILqEDlocOIthlNJcGH
ZKRofHWv38MzPpmig8+LP3pHkCG0f5IArbh9n8T+Hb3Ba0ZAKTKlOkN50AWifgckhdv5qQP9ze7m
3g/MF9ibEXx5lYV4UKc1VmzyUtKxN/3F3MD8vsx2RlV0UIEQj8dRh0PXtp25/mkYOnW2nRKVnR9h
WIWdu7TzcA3xq0MZpHUhHYvYjuEvL3RYhgYR+vVX6/G0mK9f3LVnXS5fd1mYlR1Clsfn7dt0A0yl
X4swV2y7NJTvNcc769ddVm5j2HtKUdo/1kA/PiEVfsGrtWD7OwX4pTsbf4Kj34NKpSIvtNKnQ5r1
FyIy7ZkOv9ap7DBUH7n9+axDvCLc1D164/ZIvNK/MmHwwQM1pbwWGeRLHUJ31BVukYx7c26LeEcv
NpxWOkZoH+Ncn24Z08lm5DIh1V7yC+Zb50vq7GzH//zzfwGUBmCO
===END CRASH DUMP===
