PocketMine-MP Crash Dump Mon Jul 19 00:05:16 WIB 2021

Error: Call to undefined method SplQueue::clear()
File: plugins/JobGUI_v1.0.0/src/muqsit/invmenu/session/PlayerNetwork
Line: 78
Type: Error

THIS CRASH WAS CAUSED BY A PLUGIN
BAD PLUGIN: JobGUI v1.0.0

Code:
[69] 		}
[70] 
[71] 		$this->graphic_wait_duration = $graphic_wait_duration;
[72] 	}
[73] 
[74] 	public function dropPending() : void{
[75] 		foreach($this->queued as $entry){
[76] 			($entry->then)(false);
[77] 		}
[78] 		$this->queued->clear();
[79] 		$this->setCurrent(null);
[80] 	}
[81] 
[82] 	/**
[83] 	 * @param Closure $then
[84] 	 *
[85] 	 * @phpstan-param Closure(bool) : void $then
[86] 	 */
[87] 	public function wait(Closure $then) : void{
[88] 		$entry = $this->handler->createNetworkStackLatencyEntry($then);

Backtrace:
#0 plugins/JobGUI_v1.0.0/src/muqsit/invmenu/session/PlayerSession(62): muqsit\invmenu\session\PlayerNetwork->dropPending()
#1 plugins/JobGUI_v1.0.0/src/muqsit/invmenu/session/PlayerManager(45): muqsit\invmenu\session\PlayerSession->finalize()
#2 plugins/JobGUI_v1.0.0/src/muqsit/invmenu/InvMenuEventHandler(77): muqsit\invmenu\session\PlayerManager::destroy(object pocketmine\Player)
#3 pmsrc/src/pocketmine/plugin/MethodEventExecutor(42): muqsit\invmenu\InvMenuEventHandler->onPlayerQuit(object pocketmine\event\player\PlayerQuitEvent)
#4 pmsrc/src/pocketmine/plugin/RegisteredListener(80): pocketmine\plugin\MethodEventExecutor->execute(object muqsit\invmenu\InvMenuEventHandler, object pocketmine\event\player\PlayerQuitEvent)
#5 pmsrc/src/pocketmine/event/Event(88): pocketmine\plugin\RegisteredListener->callEvent(object pocketmine\event\player\PlayerQuitEvent)
#6 pmsrc/src/pocketmine/Player(3713): pocketmine\event\Event->call()
#7 pmsrc/src/pocketmine/network/mcpe/RakLibInterface(176): pocketmine\Player->close(object pocketmine\lang\TranslationContainer, string[21] Internal server error)
#8 pmsrc/vendor/pocketmine/raklib/src/server/ServerHandler(95): pocketmine\network\mcpe\RakLibInterface->handleEncapsulated(string[19] 123.18.55.248 48145, object raklib\protocol\EncapsulatedPacket, integer 0)
#9 pmsrc/src/pocketmine/network/mcpe/RakLibInterface(109): raklib\server\ServerHandler->handlePacket()
#10 pmsrc/src/pocketmine/network/mcpe/RakLibInterface(99): pocketmine\network\mcpe\RakLibInterface->process()
#11 pmsrc/vendor/pocketmine/snooze/src/SleeperHandler(113): pocketmine\network\mcpe\RakLibInterface->pocketmine\network\mcpe\{closure}()
#12 pmsrc/vendor/pocketmine/snooze/src/SleeperHandler(75): pocketmine\snooze\SleeperHandler->processNotifications()
#13 pmsrc/src/pocketmine/Server(2155): pocketmine\snooze\SleeperHandler->sleepUntil(double 1626627916.7412)
#14 pmsrc/src/pocketmine/Server(1992): pocketmine\Server->tickProcessor()
#15 pmsrc/src/pocketmine/Server(1586): pocketmine\Server->start()
#16 pmsrc/src/pocketmine/PocketMine(291): pocketmine\Server->__construct(object BaseClassLoader, object pocketmine\utils\MainLogger, string[16] /home/container/, string[24] /home/container/plugins/)
#17 pmsrc/src/pocketmine/PocketMine(321): pocketmine\server()
#18 pmsrc(11): require(string[71] phar:///home/container/PocketMine-MP.phar/src/pocketmine/PocketMine.php)

PocketMine-MP version: 3.21.1 [Protocol 440]
Git commit: a50ef2af6f6a695e3002f4397ff089635c181dbb
uname -a: Linux ab081f5f-65a0-48cb-9a92-6a9c90f7a9c3 4.15.0-112-generic #113-Ubuntu SMP Thu Jul 9 23:41:39 UTC 2020 x86_64
PHP Version: 7.4.21
Zend version: 3.4.0
OS : Linux, linux
Composer libraries: 
- adhocore/json-comment 1.1.2@fc2f76979f0a44a5f5bc2a2b600d0762fe0e78e7
- daverandom/callback-validator unknown@unknown
- pocketmine/binaryutils 0.1.13@0abee38d4e2861621f262c79a2a3d699d8a697f4
- pocketmine/callback-validator 1.0.3@64787469766bcaa7e5885242e85c23c25e8c55a2
- pocketmine/classloader 0.1.2@9757928424652393b178a3760073113aa7c9911b
- pocketmine/log 0.2.1@830b44a2cf96ef703c550abe64302f230231ca49
- pocketmine/log-pthreads 0.1.3@e477ecf6ec214fdd4415ea1da3fdd9d73bf699ea
- pocketmine/math 0.2.6@43057cb8c179a9859677b496a788db922fd5cfc3
- pocketmine/nbt 0.2.18@9f82ca4d7f97fcd9a566e44b63c4f18a7657ae82
- pocketmine/pocketmine-mp 3.21.1@a50ef2af6f6a695e3002f4397ff089635c181dbb
- pocketmine/raklib 0.12.11@9cce458b8bfde3e4dfdbf70c659fc7b7fe26b5c4
- pocketmine/snooze 0.1.5@70b5e7937a06878dd321a3182ceb76d56298f2cd
- pocketmine/spl 0.4.2@6b08b7cf8c4afa17139c9a1b3bf1b408531de161

Loaded plugins:
Bank 1.1.4.0 by HaKunZz for API(s) 3.0.0
BedrockClans 3.2 by Wertzui123 for API(s) 3.0.0
DevTools 1.14.2 by PocketMine Team for API(s) 3.13.0
EconomyAPI 5.7.2 by onebone for API(s) 3.0.0
EnchantUI 0.6 by UnknownOre for API(s) 3.0.0
FormAPI 1.3.0 by jojoe77777 for API(s) 3.2.0
HubDelay 0.0.2 by sProDev <suluh@teknowebapp.com> for API(s) 3.0.0
InvCrashFix 0.0.1 by  for API(s) 3.14.0
JobGUI 1.0.0 by onebone, misael38 for API(s) 3.0.0
MaskShop 1 by PLUGPLUS for API(s) 3.0.0, 3.0.1, 3.0.0-ALPHA9, 3.0.0-ALPHA10
MultiWorld 1.5.2 by CzechPMDevs, VixikCZ, fuyutsuki, kaliiks for API(s) 3.0.0
NameCorrectorPM 1.0.0 by Hoangviphb999 for API(s) 3.0.0
Scoreboards 1.0.2 by Twisted for API(s) 3.0.0
ShopGUI- 6 by ItzFabb for API(s) 3.0.0
SkyBlock 1 by  for API(s) 3
SlapperRotation 1.2.1 by jojoe77777 for API(s) 3.0.0, 3.11.0, 4.0.0
ThirstBar 1.1 by BaliGamerz for API(s) 3.0.0
TokoThirstBar 1.1 by Rand for API(s) 3.0.0, 4.0.0
WarpUI 3.3.1 by XenialDan for API(s) 3.11.0

----------------------REPORT THE DATA BELOW THIS LINE-----------------------

===BEGIN CRASH DUMP===
eNrtPA1zm8a2f2VH6UydjpAEQiDU54wT22lyr934xvZLp6WTWWCRiIGlfNhWOvnv75yziwSykzhp
3sx7M0knFSy75/tzWfL3IJZlxuu316KsEpkPFvZwUCeZGCxMx3Icy/VMZ+Q6jmtOh4OmUI+8yWgy
mXiW6Tm2Y8+m3nCQ8qo+LktZDhZ/D+p1AbMG6n44yERV8SWOHPI0ZbVkTR6JOMlFxDJRr2TEzov0
P41oxGIRpoKXe49hWdyk6fMkxXXjlczEOJR5zWFVOS7SZpnk1fhfMvjl8uXba3MEFI2rMhxnzV9V
Uo+T/DoTeTOuADWwNT5L+VqUv4r6RpZXo2JVIHwF+5/BAjgpkDRYuHMQXMlDuPxj8GjCvhLsubrb
c6zHC6Zm+r6e6vt6ru/3aDCeRKUszkQeJfmSRPfI/Fr8pzwHVZV79uwB+DWxxhPQJU+T90Ihtx6O
/GV+fQq/x9cir1/wPEoBtes+ALWmc7GIRFWXcr0ng3cirFkhwytRZ6CSdiaRNGVFhujx73aKtqPx
KRkhEXF8K8KmliCAexVwD73GE5krTP9pkvo+OgTO9v2CJrVk4WQCQ/TZn6TvtVgmVS1KEZ3gL3jA
3nwC5HWRqKm+fw8vxhNBV6Il7iFsDdnXcTK7nxNaOaZpe/P5R2i/y6fxJISQoZZ9HT3O/fSoqXtT
iGs7xGiYBEGhV1bt3g8oVz44zsJCjF/zq5MkeJkDDzGEgj3TdXagK7wAN5WVuI+llOdL378oeV6l
vAaLP2yj3pCBpYOH/2GZfzLCAU7HKlFC7GYCYy3ROdd0Av2RLLuklvwqTQJiQK0an9NP63jebIdY
zZvvI3Ognj53xpMVLTzOQ15UDVAroj1Noun9yUxrOjLno9lsZNlzZs9Ne7YxKkUKaK6UtQxlCvLu
QDnjSMOQJYAKnJxNiDHvaxQw8YCnFpvi2vd7bLdsKKQ6fE6+ApfnfaH4gPkQoppGaX5Ub1Uu5XtB
tJynQhRbjZl3rPezOD8+92+0yaYUHzRB1lcQ5O6akJoKIu/N2/D+q6yTOAnJ0FtBfCRWK6XtWebs
oTgqvL/M6yTdi2QTpIJ1axrbtBQ++5P4TM+zdvCpJ8aTOgmvzhQfstTEzz4NbDZ3PgKsqnnZWt/H
YhZdnsLlnuWZH4Hz9i2USeCFTbiJmM94JQ6hQKtOJI8+EtkbkFIF2QMizYlcLjvRxnT+ZLv11zYU
2Xcftslf8eJ+lpeptcuL8lMtDB3PwNbRk8VfTVKKNsy4EAmLFS8X4/EuFVsExunZCCd9nAQsCB8P
/vwwHIhvXMJ+4xITKFSw3sIKmV4LWFUDgghkEtaD9imMKFQwEspIIEOOB6N+7dcfYNCdwA3+mnrw
h3qVVMaTZcmLVRK+veFJ/TZqSvJLts9+uPfBzwjBIggEdKqB2jRUgMclIYubPCQovRqVLdi1TKK/
cfpM0wCdiODhak/T8hcKM2K8Yj8Ak+X6MU129GS/3lPD4IYrkT/ei3laicdEktvldN7nUEHF/Es6
ovlef0ol6sOmLLHkyKEFoTnzyYbNuanYnCvOxz/9hDdTumE/sYOClzxjhyqWsh+QOpxg6wl4PdtO
XhXg+LnRW7QXSJm2ItpCcPSqMd6498oY1bPXQ92V9HwjC5Ic6lVxvGojZggaqIW2u/MaMuIJ3Ofh
+hgX7CmIPw8+fG91vrc631ud763O91bne6vzvdX53up8b3X+n7U6w8EScw5PsTXIOW7qD3pggJ4A
ZLl9LzCYjixzZOJ4k6TRYGHObWs4SKq3kbgeLKj8hv5DB7nBwrYngCTB7oTPJiK2eOzEDne8mZhO
JlZsTz03jidzz5nOQnNuRkEAsBtNy0mSN7eMB5O5Gc9iw5nxiWHPw8DwuGcZDvdCbxK78DNl9sic
jSaGaVoG8QT1MESYqXEZNHndsPPTM3axati/mpR5zJoubHMx9djlxSGzJtaE3c6dt46NrdOqAMTu
yAY+4fY9hALi2h5N1NO3smopgwG6SfVNKLMCklz5FmJvyctEVChXHq1AFqUYv6ugcoQ5ulsDMY6s
gzi0YtfxXC+ecNvms3gWhBa3AmcyiSauY8ViIty5cAF8xEEN4OoyG2OSDiB8G9dQhUa8xm4VpHaV
y5v8QP8iuVvdB1Cwlmsyepg6Adzm9GDCAyGm88gW1tyBUGHGlmOFrsctPo0cz4vmoCk3tvug7kWO
Be/0wLHduWvDGscJQs5dMZvPZ5ZtifkstKahNRPzcDbj1g5AdNWUXFXTZh147sz1LDAu25lZU28a
mO6cT10QizsFvQLs0PNMM+hDSuWSIFgj82A+nQQgUSuMPUfE7mQKmJFhx56C4Vnwv6kZctu7A8Eo
6hV0QFErqOmBsF1XhLEjQsu04yiybXMmuBnxKdx4kTsNYpCW4H1QGa9XmhrnAJDO3DCYhyaI15vP
PMd1A9tzuDufR4FnWXE0C+Nw2geRB3XLz/zAi+cWEBy5MegkjDw+cxxh24EzDe3YnHPXmblczHeE
u700smLjwAdf4I13CiolF6DJPPDCUNizeTAP4khMhR3FUQCyDp2ZF4du4MbCcoJZuGNBKn9p8c4O
3EkwE643dfnEmbvzKIIAyacmcCsC14lmjuXNYyuMdoAUKUEATz1wIEQEbhjPQ5vH3IQaF0IDNwNQ
jBnYk/lsakbCdMzBh83eCfnmM55fdWIf3Q4H22iHPqo8nzfQZZQV9rov+L+b/Pf3GD55keDIFLs9
vBc5h6wLEQPSEcTBCLJzjnb0BzyrZFwfdQcyTns0Cpzva+ToBxiGX51fvHn1+uQIhm5EAN0LEog9
9zMBzW94BflN8dDS3h3u8gAK79P/RpT1+yaBavVbsbCFCGx06FDp9XNMreq6qCChQZpYNcEIIuR4
C3Dc4wvYPxLXF1KmXdY3Qzuqs3c53+Y2diF41mPfnH49/y0Bvt8hRfN8fvH09cXl2ec43pI23sAA
bo8hv8ts/fTsZYffzmCX49nI3WVY5iKAv99KzxoctIyKAoAJfUyXms9aL3Q90H3Ulz1+NmNddiYj
p8/Mpcprr8pvxs8WIrVjioiHGS3y8lyWWV8z7UjfEKe7EeSdfCeFi396nFhfz8kWou9rIjYXD2Hl
RRMcCejUO7xshvpKmezaWAUdAZgs+y/oZZvVQS1QpiLgRYGG/eRb6eoZXyaHJY/rien7LW1fFmCI
wFG2HiXRGJl+mV8DxGr1PLnt8N0d3WXd7LHeCx/217PW2Z0KEXOc3Pq+al0eoju9yb/lYLPr3zXC
ya4RamcesiypuEin8y/SVD8IdWX2CUZ12HgnA9/fEPlZ/k55dXW+kkWHw81Qj8edYH9y+Qv8Pb/D
1pB+Tf07MZ6enL146vVvza9W5unT839XQNrDw8hpk9bJG1liO7XlcDvY1+Ns1/8O34twdXYKLohZ
57+T2+Tq8Hc6OAXlftVcJXB9BZV6clV9K18MEWWRQcsHKS9DSm+QUmC5S/WXJv0OI+MOIJDQryCT
Q1ni2y1Znp12xLT75DM2/0LyfHmdFKvA87xvJY0eDb7fu32I/s+xOwwkL6NuUdMd3eVqxwIubnDz
OPpW/HQw+36fjM/zApYPbm10GWmHulzspPaX9fvnHJqN//UIpBEBX1/koudX62cpVGhdttqhj4eg
DjdfrQuNxfd/b9KYr7Lk+bvyC+hOIQ2L8rWsacOxS/7Ok76JWTuZ7mMVSxtOTZMu7H9kdn2KHs7k
xSopq/oZLzvsbcd2eoI+W88gLv4CK8r3365MaSG6rhN+ARPySt7LSG/8k8y85nl0j3b+kVJwv8n3
kYiHMPGGl0WvEtED/XZ0ukv4byJPeHrE835DZn492bcEMeJgRYqEh9dTuEGAr+FFLRR1o3t2VmGN
YeTSuEneQ2SkuwiqKKDTgDY1oQhEW7qjopRg1DXtBQ4enW3u2KHM42TJ8GyInz86b3LamzTnzLQX
M3thOu3mpOnn9sTe/1XW7LlsQB25Am0kxT7WpPDfZqiQZb1vOVPb9fNM1tG+7zeTCXdD/SsgnujL
gOIK03fuH2BO7mjyp5/frEAURgopZV/GsZ/zPAe0oTDUS0eDh6tEqDMn1T74aV4V/CY3cM9X0PmD
fdMB7PxWL6j2Z0DgEiSayUjsw3UsSwC3GSEsINQIU426K64LAh0lcZyEUAus9y2AQZvV+H63EnWd
5Mtq389ToCU10N72VRGiRyohos1jPMezf3T8/OnlyYWfK4sy/mpEuSY0eqCEhKLw49Wo4FUFIKP9
n+gPSKKppVHxa0GLrhNxg1qvOQhnf+7nt4G8NdCsFQx8r9nwpdgX+dLv78aO1hnuXT1iGB1YSJbQ
HrNBg2AgIdazOjARdrESlWAt64yXgtUrwaCGr+CC1yxEVdUsECzJw7SJRAQX7I4hIqxzmcHKGAHs
wqx4DE2BhCdlhSBZUAp+xdayKdt3r0nMQHNJnBCGUBU76RoB/ypuNuDGkYg5KK9iNzL/sWYY33nJ
UIwZMIv7yGukEI+fKL5vViJnTbEsOZ7sGPloXRrYws8Ze/RmJZAwPHpVgdczPIalXo2ADPQrZCCK
HhOpYOQcAIM8U1GTvKBqTULB1DtQHMkQsrLJVmcLRm8y8EG1aupIgoHrw18L5g/UqydGr7Qjf0CU
PU1TecPQbYCY9jwIu044+w/aGc4hgzP0owXDeEZLj8n89BoGdDH0BAYaA6EgtGDNtChxvrbWzeMO
sY/eJCAQmYNceRSxUlRK/ChWfHnHMsHxjSc6LwOhBwKJBuGIvxpOB9qWyTXMveZpI9ieRgpR6DFC
VxjBTwTGGQPEju/NFvCYcP/aZAFIBazqabXOwwvo0Ri+bgU7GtGES5AWmXbLKU5blVDFNaA9mF4N
Gfkw054O/jBk+FalVGdhSDYQrHEsa3L9GlUBPyf1Ak9gZaW8TcDCBIgBWCLLzTfEoWw1QS9jtFWc
gzY5ZEn9Ix7rK2lZJDCekcnsLGZ7wEMDfmORWIgNQ3O6IFC7tsrJOMomz1GdEcYkWZAS6DVaNWK4
g6KuoR9frsCZsZoddp1PGw5KpCybolajSmAomAxo03yRcsEp6WVTpByC0zmyprqfArQRtDkJggbr
GnUMDSYbatLG0iC+Q+wu18opf0llgAczIBkzNQ5+kCU1+nYmljxY1yBxdq5EPSHhqmxJyy9QazcJ
SZ4sCpz2xlCAWiOriMM4ARIhItGJFQQTl0K0KJWRg7YadFO2lKAoiW6KVoGIlkSmQaQt2AS5AOwU
gtULn//zHGB18yn6MYn+M/qrWhZEgg6fG5I0uIpB+MDECHGvJQixtlSZE8vWhFEQeENeoemrfvwG
FJJfEEkYMViozmiCp6sjX2jdUpGsPBKT1Wa2uA2hLKi2HKnA9erieMEuXrw8ZycvT19esKdnZycv
j8/Z2fFrBjXiv49fDxlMYhevYNYxe/Pi1ckxO3v96vD4/Hy0GwJ68rBmjhbHmSgTSQkZA3GFDIYr
QSGZpLEJtibIHkqCiGILTTEgFAoVZgkUHpBKcgjQYE3I78eMTRkZ1HOYAHOcppERZAUEQu82kKuM
RDheYQ7BPE8LRndnoy3o0hzUVogQywElWSRX6VWt3fAA5iWKasvqdKJ5rR7fT5LmfKo5X/IyAM8w
QpmmqtakAHS/dMnVkBy9iulVELsznjdUfHQpgcKsARt8PGxzwq4Rtmao0mscAyzFb7Z1wRF7pWK+
MnioHmSTRhtaEkgiNznb0l8pwAWRD4w6k4nmFbA9p2BxJ0mS6SgIG97iUmZtslWr9Qyja5pdDSM3
WpN3bIPdY1I96zhvC0ZUWQmY0Ay1IUdNVqjqSpVwTD8w8EGrryOcpBcQ7URmywEe974R4Oz8HgFD
0obEBxiuwciqqhEYGOoVaG3ZVpsYtBDblqphq0hVI+iicqSowakflRM2MuGqya+qlvZDXuBokjUZ
5FhIryVr2wBUJFNtj6JiK1f0Fy1K8pi7NgbFdqEpIoQGVsENJF17o7EjqR7t2jTWRhj1FHw1uXUh
BUtP7HJGlYMRQj8nNrwdASlUq0D5iNID6lSBoaAUdGSQqTWKwy13sEzLU7fCGjNO3la7KEA8dd/C
/TSoT9mhn+vzfAudIqA0W8lUlZgBr6FPxUqcSK7wbCXTSYZim+p89FOVWgKxKTZVenvU1VL7CMNq
ua4R+JAZZkeBpDxCbNQtMToFUNTe1rHUlWIJGSnOK3WUXS2GQU3WiL2AWhBsaZ+KO3Z4djmEtUBD
AP51k0Rg9lQrqOi5gW8Q/AVz2rJ7W5FXJJ3O3BF7GkGgWvE0HkMrqdqECF+uaVSAlOGeCRpYxxG3
aa8DrNuKHN9iVMMSk6cjhkRcnuVnbbG9bQCxl0CibiBt4sKmyAtD3+90N6fa66rkvdjoE8vyVo0V
JjxdMkHZrsyjk1ptz1KLHo/YmV6T8nJJC7juRLUtEMa45EtkAXQCYquKlCoWbC8zIB6dnZeop8M0
wf0Q6pfxyJ6oanZ6cUmUVsASsh00NcP+nFS5Raeai1Eba7K6MXDVgqhFK49E0CwXbcPyhJnYqOhy
bQWuSs+Zbk8r1VCjJeeVVIlLW4OJwFRwUtAOVxIaWLTAtk8RbSdKESziNWcVv24jJW59tLtA+KzT
wgJhtD2nCha9H/FOJrlqhmkf6Ef2WyBv0epL9vKI7f12+fLoMfAMJg80wPwbCPdgSdcJpDowDOxf
SmheRtsKECxB0hQSdg6W/tuzkxa+7m06Iz8SMtwboqQJ1Qc2uZSGiTfZ7o7oFNLbwSG08CyJ18Zt
k0RbbjmUKRDcBK/bsAnsq6OPbRdAHaQmFMxGCNWi5TJMk4LRWrCaU74Gi8FOMpPXbVOOGU2nAQrF
RvtMoay2AbDd6OpukFzQDocyd/WPOihd0Fxt202ld1rUhz7kdXqNodYsWAE10nWSIhoVxnWI0lgw
D/F8uekTclyW7qbDYTurt1d276aUUvLTTDbowbHKN9qhUZRaxZhfMULRdgSYIV5TgoTFrylddhYT
47lQ7W8gFLBA4BdmjDYtKcOtWnsnE6e9zF7iVewjog37EIcY3yVVH/AGbPj92n1UTu4nk5e4rct4
63ZAbLsYfzfUTMmXcXPAaAqwX1F1YiN9yUaIaOu265pHhCzA7d6KAhDKU5SoaabOkzLNHdObKW0C
pzU91gGewSz2iC2hDau24tlu2GwkNLorIh2a8Ps0xEZf4WndFLJQn0KQzNQNZjKaowPilMIhFfhG
oYMY5hKMS5DsdOlMu7Rqi2qhkzjuqFHbqIZVDtT6SnB3tt3r6Dg52ruBn03uDG3crT9crKDajGVH
I+BlhnrLvZm5kqgZImVUZFkxSiRRDIFsnWHbU+G7rwo4rLakYy+nn7Ptc2KBghhfLktooNVmmd5Z
UxsI+HXe1S5/RB948KujV3i63NAhX2U+DAo3QtXWHFznhjBWRPiWARobdbazIdFuJK9MUynnjlBB
oeq5NibI8XgkmjJVt0SkcdkVHVTdOdpJZ+dqCPGxWPEhDGMsL5GutgqD0BuLEiptAyNQjulPPW2z
lcoVvLcTpl9SddJrAxUnZHKKYm2w0ABJ8+p5i+OOphWvXVXXSbaN1Tr/IlCcT98TV2rzHwMmIqQt
Pr2o3c4dbRHoJ10MrTQ/neF12FbaVV7R2TnRMAB8reXZ7pGs9CBFDGxydN2sIwZuOUNrElHhmMQb
QNB9ACPq/QJGoHbjQMU4gKdDZJvZeJrwSnclUEjyrEjbOyx5gEatq0WrNPUM7BZ3sBbsD6pVIH8O
aUvrTwRKDcc2TXbfexAbWDeWSaQ3Ddp3TbQbcF/GooROGbqi+piaTTy2ArTqdNslX+ElGtQlwzdU
mBVU9tpiXLDnJ08vFtbP7nDm3ZrD6e10aP1s/hxhPUR+vleXAm4guO7PJyoUqzt79lgVeeoVQ7dX
Vx6OuQVkrLfSqPSgvTDQWrhm6isa/GpYBeW2QSk3Lyco4gAcSFUhvfypWoEZ7YsNsAVVzT56TqGG
UNH8HpCGKgX9HXtnxKDSslPzyYLaW3ELga/SvV14hd1BRX0MSCRIoC5fqxqO5iG/QAp0HiqNKJ9R
XBJ8KEbKTaweDAfithY52hEdwTmECqH7FQh6cfc+TYJbeoO3GQGjyKuqN1SEfSDVX0CkmPa+LlGH
6Tf3Qai/GdiM4MurPMITAZ2xcl3Ukk4kqrPdof5nCrYzmrJHCqR4uLUmk6lpWp76Fwlq0QMa173v
XpZR7y7rPVxB/upxBmVdhO/BO2P4sUtPZOgQUdB+zYD/mEKgXtx1Z52fnfRFmNc9Rs6OXnVvszUI
lT7Q0VdsuzSSb5XEe+tXfVFuc9hbKlG638fQ9z6ywrOhnQXbT0PwvK6JXz0NB9CpNBSFlo0SQ7v+
tYj19kxPXqtM9gR6nmCE+O20x3xFtFV3+E26I8lSfdij6cHPR2p5JXKol3qM7pgr3CIbd+bclMmO
Xaw5rbS00t4nhTp6MqPT2ShlIqq75Hest16d0c7OdvzDh/8BPEqnCw==
===END CRASH DUMP===
