Altay Crash Dump Sat Aug 21 20:43:05 WIB 2021

Error: Argument 1 passed to SkyBlock\ZulfahmiFjr\Main::isSkyBlockLevel() must be an instance of pocketmine\level\Level, null given, called in phar://C:/Users/minhvps2/Desktop/Skyblock/plugins/SkyBlock_v1.phar/src/SkyBlock/ZulfahmiFjr/Entity/KingSlime.php on line 53
File: plugins/SkyBlock_v1.phar/src/SkyBlock/ZulfahmiFjr/Main
Line: 715
Type: TypeError

THIS CRASH WAS CAUSED BY A PLUGIN
BAD PLUGIN: SkyBlock v1

Code:
[706]     }
[707] 
[708]     public function hasSkyBlockIsland(Player $p):bool{
[709]      foreach($this->data->getAll() as $name => $data){
[710]       if($name === $p->getName()) return true;
[711]      }
[712]      return false;
[713]     }
[714] 
[715]     public function isSkyBlockLevel(Level $level):bool{
[716]      foreach($this->data->getAll() as $name => $data){
[717]       if($name === $level->getFolderName()) return true;
[718]      }
[719]      return false;
[720]     }
[721] 
[722]     public function addFriend(Player $p, string $friendName):void{
[723]      if(strtolower($friendName) === strtolower($p->getName())){
[724]       $p->sendMessage($this->prefix."§c§lBạn không thể thêm chính bạn là bạn§r§e!");
[725]       return;

Backtrace:
#0 plugins/SkyBlock_v1.phar/src/SkyBlock/ZulfahmiFjr/Entity/KingSlime(53): SkyBlock\ZulfahmiFjr\Main->isSkyBlockLevel(NULL )
#1 pmsrc/src/pocketmine/level/Level(909): SkyBlock\ZulfahmiFjr\Entity\KingSlime->onUpdate(integer 10049)
#2 pmsrc/src/pocketmine/level/Level(837): pocketmine\level\Level->actuallyDoTick(integer 10049)
#3 pmsrc/src/pocketmine/Server(2371): pocketmine\level\Level->doTick(integer 10049)
#4 pmsrc/src/pocketmine/Server(2494): pocketmine\Server->checkTickUpdates(integer 10049, double 1629553385.7869)
#5 pmsrc/src/pocketmine/Server(2262): pocketmine\Server->tick()
#6 pmsrc/src/pocketmine/Server(2105): pocketmine\Server->tickProcessor()
#7 pmsrc/src/pocketmine/Server(1689): pocketmine\Server->start()
#8 pmsrc/src/pocketmine/PocketMine(311): pocketmine\Server->__construct(object BaseClassLoader, object pocketmine\utils\MainLogger, string[35] C:\Users\minhvps2\Desktop\Skyblock\, string[43] C:\Users\minhvps2\Desktop\Skyblock\plugins\)
#9 pmsrc/src/pocketmine/PocketMine(341): pocketmine\server()
#10 pmsrc(11): require(string[90] phar://C:/Users/minhvps2/Desktop/Skyblock/PocketMine-MP.phar/src/pocketmine/Pock)

Altay version: 3.22.1+dev [Protocol 448]
Git commit: 6ac6109e4e8a3326aa5eea83879171b31abab745
uname -a: Windows NT DESKTOP-JDEFTC1 10.0 build 19042 (Windows 10) AMD64
PHP Version: 7.4.22
Zend version: 3.4.0
OS : WINNT, win
Composer libraries: 
- adhocore/json-comment 1.1.2@fc2f76979f0a44a5f5bc2a2b600d0762fe0e78e7
- daverandom/callback-validator unknown@unknown
- pocketmine/binaryutils 0.1.13@0abee38d4e2861621f262c79a2a3d699d8a697f4
- pocketmine/callback-validator 1.0.3@64787469766bcaa7e5885242e85c23c25e8c55a2
- pocketmine/classloader 0.1.2@9757928424652393b178a3760073113aa7c9911b
- pocketmine/log 0.2.1@830b44a2cf96ef703c550abe64302f230231ca49
- pocketmine/log-pthreads 0.1.3@e477ecf6ec214fdd4415ea1da3fdd9d73bf699ea
- pocketmine/math 0.2.6@43057cb8c179a9859677b496a788db922fd5cfc3
- pocketmine/nbt 0.2.18@9f82ca4d7f97fcd9a566e44b63c4f18a7657ae82
- pocketmine/pocketmine-mp dev-1.13_altay@6ac6109e4e8a3326aa5eea83879171b31abab745
- pocketmine/raklib 0.12.11@9cce458b8bfde3e4dfdbf70c659fc7b7fe26b5c4
- pocketmine/snooze 0.1.5@70b5e7937a06878dd321a3182ceb76d56298f2cd
- pocketmine/spl 0.4.2@6b08b7cf8c4afa17139c9a1b3bf1b408531de161

Loaded plugins:
AlwaysSpawn 2.2.4 by Philip Shilling for API(s) 3.0.0
AutoInv 0.0.10 by JackNoordhuis for API(s) 3.0.0
AutoSell 0.1.lpk by LamPocketVN for API(s) 3.0.0
Bank 0.43 by  for API(s) 3.0.0
BedrockClans 3.2 by Wertzui123 for API(s) 3.0.0
BlazinFly 1.8.7 by iiFlamiinBlaze for API(s) 3.0.0
BuilderTools 1.2.0-beta4 by CzechPMDevs, VixikHD for API(s) 3.16.0
CustomAlerts 2.1 by EvolSoft for API(s) 3.0.0
CustomShopUI 4.0.5 by SaltyPixelDevz for API(s) 3.0.0
DevTools 1.14.2 by PocketMine Team for API(s) 3.13.0
EasyKits 1.1.5 by AndreasHGK for API(s) 3.9.0
EconomyAPI 5.7.2 by onebone for API(s) 3.0.0
EnchantUI 0.6 by UnknownOre for API(s) 3.0.0
FormAPI 1.3.0 by jojoe77777 for API(s) 3.2.0
HubDelay 0.0.2 by sProDev <suluh@teknowebapp.com> for API(s) 3.0.0
InvCrashFix 0.0.1 by  for API(s) 3.14.0
MaskShop 1 by PLUGPLUS for API(s) 3.0.0, 3.0.1, 3.0.0-ALPHA9, 3.0.0-ALPHA10
MaxEnchants 1.2.1 by Xenophilicy for API(s) 3.0.0
MultiWorld 1.6.0-beta2 by CzechPMDevs, VixikCZ, fuyutsuki, kaliiks for API(s) 3.20.0
NameCorrectorPM 1.0.0 by Hoangviphb999 for API(s) 3.0.0
PureChat 1.4.11 by 64FF00 for API(s) 3.0.0
PurePerms 1.4.3 by 64FF00 & ProjectInfinity for API(s) 3.0.0
RandomBlock1 2.0.0 by Edit By Nờ Cờ Dờ for API(s) 3.0.0
Scoreboards 1.0.2 by Twisted for API(s) 3.0.0
Sell 3.0.0 by Muqsit, KairusDarkSeeker, JackMD for API(s) 3.0.0
SimpleNPC 2.1.6 by brokiem for API(s) 3.20.0
SkyBlock 1 by  for API(s) 3
Slapper 1.6.2 by jojoe77777 for API(s) 3.19.0
SlapperRotation 1.2.1 by jojoe77777 for API(s) 3.0.0, 3.11.0, 4.0.0
Specter 0.9 by Falkirks for API(s) 3.14, 3.15, 3.16, 3.17, 3.18
Texter 4.0.7 by yuko_fuyutsuki, mfmfnek0, onebone, ogiwara, Shootsta_ERU0531, Toganon, ShadowArt, Marron0421, No4NaMe, iteplenky, SuperYYT, SuperAdam47, minijaham, VicoSilalahi, TobyDev265 for API(s) 3.19.0
ThirstBar 1.1 by BaliGamerz for API(s) 3.0.0
TokoThirstBar 1.1 by Rand for API(s) 3.0.0, 4.0.0
WarpUI 3.3.1 by XenialDan for API(s) 3.11.0
WorldBorder 1.2.3 by iZeaoGamer for API(s) 3.0.0
WorldGuard 1.1.95 by MihaiChirculete for API(s) 3.0.0
WorldProtect 2.3.8 by aliuly for API(s) 3.0.0
Worlds 3.0.9 by survanetwork for API(s) 3.0.0

----------------------REPORT THE DATA BELOW THIS LINE-----------------------

===BEGIN CRASH DUMP===
eNrtPIly20aWv9JLpzbSFkkRAO+sXJZ1xB5LFteSxpkMplwNoEHCBNAIDkl0Kv++771ugAB0RLY1
VbtVscsm8ND9+t1H4/i948s04vmna5FmgYw782G3kweR6MyNsTkbjSxrOupPrak5HXc7RaIujQYA
m43Gw9lsMJtNLAMmhTzLj9NUpp357518k8CwziX8KFi3E4ks40uEHqTLIhJxzgyW8CwTHsslu1hv
XofSXdv2r0Xo81UUnHxObfuMB/F8HmTl5VNxLcKdXRYVWc4cwXjMgjjLeewKJn2WwBCRR0EsbDvE
obZNM7osLsKQLYNrEXeZy8MQVg1ilqx4Ot/bO5zvXWUggD2YubpOMnPvSGTrXCZ7sK6D6+4lYbGE
lfZKQj5dG32cvZelbgXcq9G+dxznQb7ZexfEy4sQxAbDEyZjFgJ1bGSBSHyg6SQIUSb/TkJQhrg4
rqhX+yYcMB9p78wnxgiMJOUuHP+z82LAvl84OyNrd/6YEfReto3g/dXpKdsFol6AHUW4Ev7bWsAe
GcCeGgx2+jB+RYxtV9T0Xsr4KvF4LnaCOBdLkTJjMBjOaDXzz1ebWhNY7SFj7L3kbl6ADW6O5GXg
ru9Zw7p/jQuRgp/umNbEeBS/9xDe4eN4h7NhC6+60nvproS7RqRKLFkTd5d5snBCwWoxYzIdqzVH
j69pjs0H1syRB0IxfhyFMRg9gmKRShdij0wVrsmjuIzxdPYALogyaa5wTO/HsaDDMzjcsQzjATSf
PrkSIlZauPmOdD4LN2eveSYOIX5mp5J7Iu0yDa9PL/IgzJQrnMrlEkcBEjDYf1qjf7HDuW1T4LDt
MnLYtg4dsLSOHbZdTRpaT5+kvdu2iffZn/M+bPOeKeEqZx0oBDskoVT8VgSp2NFkzQb/+oqYvF2z
d7bYBpwWVbudf/3R7Yi/UtNXpabnShQgeoXkUxBfy/BaoHgBswdad/NOeRUgJTqAudITqKvJYAwX
GPz5A6CTwQTO6GCqwQlEncBlfhG7OVQvbMUrdbzNQh57O4uQbyBM/ZDszh0pw99p+kxPZ1D8CO6u
dn7IV0EGcZPnvPdyKfKDEDXJM/ZDzCPB9l+yH/DaLk03BuV0Fvg7esT+PqxBc9/D+c7uLph2XqQx
A08XP9E0o5xGzBhmeaoH+jzM9EirzrUx1Fwbowe4btsg/c9+ICursW2Mv4/tyQNshyrpwPwTGUL8
elAA06YAZg8KwBzUBWAaWgCm+YAAuOedpIGoq7uMdOwHn64gUbvzaxl4xIxZihh5gZG5DOUNhKj6
aOKufq2hXyUUc1gJBS9nMPdMRZNSuEkq/OC2b3fsYjDgE1f9hK/twhDciNl6hRB/CKTmKwS6Fh0M
BoJHzFVHXrxiTjkjJNCgAiiMqfoR/2F3dpUQRxVpSsA/df74q2z7q2z7q2z7q2z7/1G2dTtLEYuU
h1gLYL7BCi3M+QYIckD4202LjtU3zb6B8CIIvc580O0E2SdPXHfmmH+gzEhlLl0JqIbDKSAOsAgZ
c3dsDGZiKKbcsswx5yMh+NSaTmbGxHAsgzvcmQxHgLfQ638MYk/eZOz9JTs6vnh3eb7o/e3o+OTy
0ACf6kNQxvWZMRsMTbZTDjYGu+zg7Gg8xHoHGvF5Z9IfAsVw+gUyBtE/7A/U1U8yw3Xevn9/CQA6
uaGaypVRIkG2n8LASTnkqQzlwr0V8JWKvc+ZjHswRhdYRt/om6981/Qn49lk5g/4cMhH/shxTW46
48HAG0zGpi8GYjIVE0DvcRAnlEwy2sMq1OHuunfNwwACB1bOIIF1LG/iV/oXid1qzAlinm7I2mHo
ANY2rFcD7ghhTb2hMKdjiDGGD1HDncy4yS1vPJt5Uw6k+cMmqnsXN/qDvvVqPJxMJ0OYMx47Lodk
N5pOR+bQFNORa1quORJTdzTiZgsh+mhIPqppM1/NJqPJzJwOzeF4ZFozyzEmYAITEMsEYoAFuN3Z
zDCcJqZQLgkDmNqrqTVwQKKm68/Gwp8MLFgZGR4PrYHpm/CfZbh8OLuDoZfkKyi/vFJQ1isxnEyE
64+FaxpD3/OGQ2MEid3jFpzMvInl+CAtwZuoIp6vNDXjV7DoaOI6U9cA8c6mo9l4MnGGszGfTKee
MzNN3xu5vms1UcROXvIzfTXzpyYQ7E180InrzfhoPBbDoTO23KFvTPlkPJpwMW0Jd3vYi9CwweV6
qPxPHB311Vd4WA1pytdg40o+QJvxaua6YjiaOlPH94Qlhp7vOSBzdzya+e7EmfjCHDsjt2VJWSzl
F6HFPHo1GTgjMZlZEz4YTydTz7NMg1sGcC2cydgbQRKc+qbrtZAkIWEAf301dgZTZ+L6U3fIfQ4M
WDN3xoENxzec4WA6sgxPGGOj80fV9pCPHoQ3fJNdJBzcph7KttBuZxvLTNAHcsKLfCXTDIu1xSoI
g4RdwA90VksMjTwJ8IoFjjHAcxFzSOVeGe88kUBkwclwLZN+flQHRJxaroTQZhqrbXOiKEOKoChR
HgO9HBxgf3Z58OHyagGAG+FkQY4sYEV5UOTybXxdZ0xD6kwBlX1j0OTqb+Dl76VMvVURZM/F02dA
GpdIgSWgBTpP294SpflZnF9cfjz/cHp0L0cXIgxbLBGoyZPRD5N1k6lTHqkE9/f3X8VSh9A/wlgN
seIGJ2yPnsLYax6va0zRaZOhodXg5pl0ggupIuhJVAoPar81lFbKe0pq6+A61ZD7myr4KNL8SxEY
0OQ9EwNbjLZdp+NpTK3yPMmgNoKiY1U4fcjRe1uEew2+kP2Qfwnik3BT572C1Rk3+tP+pMl6EJyE
PAqCGGeI52K/iRVEUJJTO3ySZrE4EumllGFDs3Vwk0GzP+g5IueteHj4RbirxdmRuMYJfw9ug/Wb
owa3xvjb2XURexJBKgMFO4q4HIkDdpukfq3aa3TvNVCBcA6LLJfRQQhr1YXTADfThNEUyvG1DC+A
pefSen1l227R8UhSKPm+ubnpC6AJ8ffz9ZbHi5VMrt7e4VGD6zxCUdwfNbm8gMJiswhuRQhS/PJ1
IfYYejgZbQ4Wbx8LtM0VSs4VddfQa+HRU3QPIsgQVYKo+kuOAgCMbeuvQE3LN4btsLbtm9il4FHT
3K1v13NJAHaR1y3Lfky/NbvekrZX4QBuj3m2eRc0zLkCtbhtq/kg9qBIzt78/K7B5+xr2azrvNs5
K8I80BA4XQTL5Uap9zh2VzzOqQzRctmSYNsl2dujJ1rAarnuR2KPpLGlpCaPOnlbiYz6k7b6ZSwc
+Pdc3q3R2bZQFABOYK5OzZ+Gcy2zhitvYc3CYtxk5ko1kefps/GzxYg7g5qIpxcdJzKNmpopIU1D
tfqtIvaz/CzFBP80ODG/o4KtMNq2JqI6eAorbwrnSIS8Xj9UoHZJ3rKxbJFKcGD231kRFqtXuUCZ
CocnCbr5y86z1YPL4DDlfj4wbLuk7etqKSKwH236gUfOBaU9YMxWJ8Ftje869E438mClawy/nbWo
+A0otW3oOVxc2Q9u77ZSD+vujGdryi9bHipQwxBbqeH06mf4d3FHQV36NfTvoHdwunhzMGueGt/M
7NnBxbtshduOT3WzM35bRdo6i1tou/5rcfqLiCW1re7muayxhhIZqUhpnDyJOcwuH2WKG5Bb3rbA
JmtjXdqaf1raHv5KDwttijwr1gEcr3kYBOtmy2wOnqngjZDgGyQYBFAn/nuK3RoiEBTeQjuUKd4B
lunirCat9pWmyAbt4PtG8nh5HSQrZzabPZc9NGiw7cbpU8xgUaTicMXzGlsVqMnPsG+0zHs8PDkZ
DL6uqkXkC5FG2d2itnPC6Q4pxnVY6BdxHcgiWxz3Snit3Pmk1rbtktjt0Tcon4jS9xcrNFo4itim
dBSsLR7rPumw/2TADt5qeRv7QRzkzxYJGiIgimqHzyAEhQek8IH22emmplETRAPc7PXumP6xF+Ts
9Ya9x7vAnscO9e+R+n0ukdRIenqUv8AbEo7kqVdXcx3a9utWELy8CbJcPBsTtZWhfWuQ8ee8NDcC
72wCWndVc0Y1AMDe8SAtsiOeri+EWFMFgHueZ0f/lrYVKHsD2voKNQVREor3i8M6fxWstdfQruCd
VK4DET1bDtL4bDuLExe0VKPja91Oo9qrcFCFWD1fVGN2+8jRQ6VVjb1vtr6HH494kpZCKL9FWidb
Q9r1hPmkzsSYfbuSMrXyN297bknaK5nYcvhB5jwnbtqcVlf+pDh8gOOyEDYMOhh+VyhpUvQVakwg
YTXVqCHNxmTWZOmEh+sgbdV6xlDxM1I/Y/UzUT/Tr9wgCQ5lnKcyvKrVApkiDdywovFPGbwUt03+
NKC9n9fasd4Ua/mpXtxGfuTHYo2aKrc84GgZ3PAU74BCKyTzLOefjj9cDUYWWsClXPKYrONixT15
c5Bi8D3jaSrjwdDEIe/l8D0/Q0xAMASFeI298EUBqvzHPy7LwwOPR0OkL4Ky4jNf8YhKcFdeBCEP
+SqgxZwNlLTmePSdXtXB7TI/lDc1uX+GVipyHWHblURsW8nxm32uwrSnFYK6WgVplr/mDXVVsNbW
XFNfr6H3+BlmpF+ebzegxDiZjN2ne9SlXMt7GWnAH2UGq5t7QsV3RYiUcjAS8RQmPvK0uReuAc0S
w7qnDQ54eMTjphEa3072LWH0OIQ0RcLXbFtQZ/dapl4jANSh7cjdquyDXwWXZATfZ1X1drt2/6rC
DsxtiXq6qdGknwuoGdvsKWB7M3vW2s0+C1Y8OASbdItQ5N+559n5ILwsh7h4iPiCvMZoax3NLdFY
P/6GKNLCvFdDVsoHmrIcn+luSagEN+tJqz9tigiCQBE+WyensNk27WMkioK2up94b+OsCFI/EKFX
f9alfHQ2TwU+iQPNSrrX4LYUStYWR3ane2hl/KxIr3ksciB9/VziIJxaGpm2hCc3tJrXPiHpA2V7
LxQi9ZgLpOUILKJ9j6p8to9aFnqQsA96gCSb04NrnReL6oxBBeIHS4YvHdjxizMZs78VITNmzLTm
o/HcHLOPb18zc2AadjwcDPffy5ydyALibKxQ94JkH/d04W8FSmSa7xszwzLtOJK5t3/Zv+hfsot3
/3h9en74zo5vVsBnL4ROc1/6vh3zOAacLioXHyLvcXcVCPXCQrYPpV5MD8b0tDWB/vaNMaDmt3pC
tj+E1ZcgjUh6Yh+OfZkCugpCq4BIPOxA1VlynRBqL/D9AFwr3+wDj+qxx1ymvUzkeRAvs307Vo/Z
oynth9JxNiUkE8KrLuPbLftHxycHV6eXdqxMpfdbIdINLaMBKTSUdI4HfXzTBRTq7f8X/QFBFLns
Zfxa0JjrQNz0vEC9ybI/teNbR9720GAVCyGPlwVfin0RL+3mY4H9TYQPT71g6HjMJS0XKRXOpGx8
EYE1TAbUzy5XIhOs5JzxVLB8JRgEvAwOeM5c1BS9YxPEblh46oWZO0aGuC5kRG/f5HdxZtwXXSbh
SpohSuakgq/ZRhapxsUCn4HiAvB+XMFVm4AQVgDxe3FTodvzhM9Bdxm7kfGPOcMOgacMxRgBs/hA
4wYpxBcCFN83KxGzIlmm3AMEfRuNSyOb2zFjLz6uBBKGrx/hOwUMUOhngEEGUGFAI5art5M0qdBg
ckAM8oTwTPLyxHXgCraCciQkCUaIWZlkqbO5eukCL2SrIofaOe7pt6HmzO6oh5+ZXQwMY0CvKVig
4w5ReBBC6crQe/AtCx0j2HXA2f+gueEYsrsyVM7pRRCaekxWqOcwoI+hQzDQHAgHsTkbpkWK47XR
VpdrRL/4GIBgZAzy5Z7HUpEpNaB48SFyFgkOYYt8mIHwHYFEg5DEbwUPUXz03hW75mEh2I5eFCLN
LmJXK4K7CIwlPRA/PsE9h8u09vsickA6YF0H2SZ2L3m2Zhi0wZ76NOAKXyBDEy85xWEraEpkAVqE
4VmXUSRl2uHBL7oMH/MFRjJ6sQVkAwEZYVERgyXhEIX8gtQMPIG1pfI2AEsTIAZgiSw4rohD2WqC
3vposzgGbbPLgvxHEF+e0jRPYFgj02lNZjvAQwH+Y5JYiI2e5nROqNo2y8k40iKOUZ0ehiaZkBLo
cZqsz/AuozpmUbBcgVPj3bJu3Qm14aBE0rRIcgVVAkPBRECb5ouUC85JTz97yjE4vuwDZN9PAdoI
2pwEQYN19WuGho+wqkGlzUKUhwiebpRv/gzhF4wHcy1TcHCDKMjRxSOx5M4mB4GzCyXpAck2yBA1
Tb9Epd0EJHgyKPDdm55CVNpYRgz6QUqvEQLxMeHyodool1Q2Dsoq0FvZUoKeJHorGgUutCQye0Ta
nA2QC1idIrF6APn/PAdYvDxGP6bS76MfyuiESNBRtCJJo8sYRA/1JmhFEK5aUmUMzKEmjGLAR3IK
TV/24zNQSG5BJGHAYG4BOSiGHMTErXALir1SkawcEnNWNVrculAcZFuOVNw6vzyes8s3by/Y6duz
t5fsYLE4fXt8wRbHHxiUge+OP3QZDGKX5zDqmH18c356zBYfzg+PLy767QjQkIc5GmtxLEQaSMrL
GIczZJBeRiqlUcVaA2QPlYFHoYWG9CASChVlCRXuTwUxxGewJuT3IWNTRgZVHebBGIfpxQizQgKR
dxvHS+eGNc4xhWC6pwn9u6PRFnTlDWpLhItVgZIskqv0quZWPIB5iSTbsmoNNK/Z7v0kac4tzfmS
pw54Rs+VYagqTgpA90uXXA3J0bOYngWhO+IxvbfWoATqswJscLdbpoS2EZZmqLKr7wMuxW+0dcE+
O1chXxk8FBGyCL2KlgByyE3MtvRnCnFC5AOj48FA8wqrnVCwuJMjyXQUhoo3P5VRmWvVbD2iVzfN
uoaRG63JO7bB7jGphnVclHWjq7ZKqUjRhuwVUaKKLFXJMX2hhxdKfR3hID2BaCcySw7wjdsbAc7O
7xEw5GzIe7DCNRhZlhUCA0O+Aq0ty6ITgxautqWqWypSlQi6tuwranDog3LCdsZdFfE6K2k/5AlC
g6iIIMVCdk1Z2Q2gIplqfhQVW7miv2hRksfctTGouRNNES3Yw2K4gJw7rDR2JNWltk1jaYRRT+FX
g0sXUrj0wDpnVDj0XOjqRMXbEZBCpQpUjyg9oE7VFwpLwrE1YWqO4nDLHUzT8lT8lCvj4G2xiwIM
sRvQeB9H9Zgd2rHeFJjrFAGV2UqGqsJ0eA7dKhbiRDIUTWBCOslQbFMNkL6qUosjqlpTpbcXdS2V
lzCsppsckXdZz6gpkJRHC/fykhidAihqb8tY6k2xgvQU59jSUJ2PkwGoyeqzN1AKgi3tU23HDhdX
XZgLNDjgXzeBB2ZPtYKKnhX+HuGfs3FZdW8L8oykUxvbZwceBKoVD/096ChVl+Dh82d6KViU4bYI
GljNEbdpr4as3okc32JUwwqTh32GRFwt4kVZa2/7QGwlkKgb3JODiUUSJz193mpuzrTXZcEXUemT
viWh1ZhhwtMlE1TtyjxqqXU4M9Wk3T5b6DkhT5c0geuGVNsCreinfIksgE5AbFkSUsWCXWaEH6YA
Z+cp6ukwDHBXhNpmfBdUZDk7u7wiSjNgCdl2ipxhm06q3C6neot+GWuivOjhrDlRi1buCadYzst+
5SUzsE/R5doKXJWuM92lZqqvRkuOM6kSl7YGA5Gp4KSwHa6kzKj3LtsUUTaiFMHwUwcs49dlpMQd
kHIvCK/VOlggjHbfVMGityU+yyBWvTDtBv3IfnHkLVp9yt4esZ1frt4e7QLPYPJAA4y/gXAPlkSP
5IBhYPuSQu/S31aAYAmShpCwY7D0X16flvh1a1OD/EiL4Q4RJU2oPrDHpTRMvMlyk0SnkMZGDi0L
1wJ/07stAm/LLYcyBYKb4HkZNoF9stJu2QVQA6kJBbOBopMqsli6+NoazQWrOeMbsBhsJCN5Xfbk
mNF0GqBQ3CuvqSVrPVi53VXfJ7mkjQ5l7upLZkoXNFbbdpHpDRcXHDlXoU7P6ak5c5ZAjXQdhLiM
CuM6ROlVMA/xeFn1CTFOC9vpsFuOamyZ3bs3pZR8EMkCPdhX+UY7NIpSqxjzK0Yo2o0AM8RjSpAw
+QOly9pkYjwWqvt1hELmCPzYB6OtS8pwq9LeycRpR7OReBX7uFDFPsQhxtukJur9fFgNPyVyH5WD
+8nkKe7cMl66HRBbTsbfihqLfBn3BnqF+npBLTa6mFNpIdrArbvmES1Gr5pnFIBQniJFTTP1fjPT
3DG9l1ImcJrTYB3w9ZjJXrAltGHZVjzb/ZpKQv27ItKh6YYH1KdBmIQmRukmkUkRlsaoTzCT0Rgd
EC0Kh1Tg9xIdxDCXYFyCZKdLZ9qsVTtUc53EcUON2kYFVjlQ6wvf86y2OmpOjvbew+/utECVuzXB
yQqqTV/WNAJe1lN3DKqRK4maIVL6SRQl/UASxRDINhG2PRk+RJEBh9mWdOzl9HW2vU4sUBDjy2UK
DbTaK9Mba2oDAT9tsm7zR/SBB58fneNnC3o65KvMh0HhRqjamoPr3NCKGRG+ZYBg/dquNiTaSvLK
NJVy7ggVFKqua2OCHI+v6FOmqpeIBJd10UHVHaOd1DauuhAfkxXvMnxomNJzXlVh+JEZkUKl3cMI
FGP6U1fLbKVyBW9shOm7ULX0WkDFCZmcolgZLDRC0ry6Xq5xR9OK17qq8yDaxmqdfxEpjkdPwNCM
msWAiQvSDp+eVO7m9rcL6Cv1FUppPp7hddhW2lVeUds50TgAfa7lWe6RrDSQIgY2Obpu1hEDd5yh
NfGocAz8ChF0H8CIus2AEajcOFAxDvDpEFlmNh4GPNNdCRSSHB9b02dY8gCNWlfzUmnqGtgt7mDN
2T+pVoH82aUtrX8hUnWPrkqT9dsfxAbWjWng6U2D8o4T7Qbcl7EooVOGzqg+pmYTb7YDrTrd1slX
6xIN6pDhfSrMCip7bVecs5PTg8u5+dOkO5rdGl3r1uqaPxk/eVgPkZ/v4F1WF4Pr/nSgQrE6G452
VZGn7jDUe3Xl4ZhbQMZ6K41KD9oLA625G6Y+51KkZVAuG5S0ujdBEQfwQKpy6R5QVgqsV97XAFtQ
1eyLEwo1tBSNbyApqFLQn0KrQXpUWtZqPplQeytuIfBlurdz19gdZNTHgEScAOryjarhaBzyS9+a
C1UaUT6juCT8UIykVazudDv4IFCc0QPg8987h1Ah1L9J4rj62xIVBO8txR4+ZVODyeiTJ3MIhg2o
/r7eFlCkYf0cQ0T93A9CemxsC1lGjS+krCB91M8D8LLrOgA/fFI/jxx1p6wOw1LMo8c3trDEbbL9
Qfh6c6Exk+J+1gRBhRLVIReL0wYFm+y3kL7roo9YdSmXaxFDem9wvOF0n9TUTzR+CRL1HMmIHrr9
or6FUY2G09uoKVOJ1JiDgWUYJj5OsDg6b3DqyU9ESRsIoKCpDnD3OMsaA9VjtL+cNVhsUQCn2CU3
2QLgTRq0tFv7+gm+JWfgN3qA4FXTuLbZ9hMVU/Uvy+ATWsFSfXFGY8HnISkGeeqrIeotPTfdJLnU
ALIs746WgoZiSRxWHQRdWUERd6me/qko+BXLrPMFbehsJ/zxx/8CsebCQw==
===END CRASH DUMP===
