PocketMine-MP Crash Dump Sun Jul 18 23:57:27 WIB 2021

Error: Undefined property: muqsit\invmenu\session\PlayerNetwork::$queue
File: plugins/JobGUI_v1.0.0/src/muqsit/invmenu/session/PlayerNetwork
Line: 75
Type: ErrorException

THIS CRASH WAS CAUSED BY A PLUGIN
BAD PLUGIN: JobGUI v1.0.0

Code:
[66] 	public function setGraphicWaitDuration(int $graphic_wait_duration) : void{
[67] 		if($graphic_wait_duration < 0){
[68] 			throw new InvalidArgumentException("graphic_wait_duration must be >= 0, got {$graphic_wait_duration}");
[69] 		}
[70] 
[71] 		$this->graphic_wait_duration = $graphic_wait_duration;
[72] 	}
[73] 
[74] 	public function dropPending() : void{
[75] 		foreach($this->queue as $entry){
[76] 			($entry->then)(false);
[77] 		}
[78] 		$this->queue->clear();
[79] 		$this->setCurrent(null);
[80] 	}
[81] 
[82] 	/**
[83] 	 * @param Closure $then
[84] 	 *
[85] 	 * @phpstan-param Closure(bool) : void $then

Backtrace:
#0 plugins/JobGUI_v1.0.0/src/muqsit/invmenu/session/PlayerNetwork(75): pocketmine\utils\Utils::errorExceptionHandler(integer 8, string[64] Undefined property: muqsit\invmenu\session\PlayerNetwork::$queue, string[82] /home/container/plugins/JobGUI_v1.0.0/src/muqsit/invmenu/session/PlayerNetwork.p, integer 75, array[0])
#1 plugins/JobGUI_v1.0.0/src/muqsit/invmenu/session/PlayerSession(62): muqsit\invmenu\session\PlayerNetwork->dropPending()
#2 plugins/JobGUI_v1.0.0/src/muqsit/invmenu/session/PlayerManager(45): muqsit\invmenu\session\PlayerSession->finalize()
#3 plugins/JobGUI_v1.0.0/src/muqsit/invmenu/InvMenuEventHandler(77): muqsit\invmenu\session\PlayerManager::destroy(object pocketmine\Player)
#4 pmsrc/src/pocketmine/plugin/MethodEventExecutor(42): muqsit\invmenu\InvMenuEventHandler->onPlayerQuit(object pocketmine\event\player\PlayerQuitEvent)
#5 pmsrc/src/pocketmine/plugin/RegisteredListener(80): pocketmine\plugin\MethodEventExecutor->execute(object muqsit\invmenu\InvMenuEventHandler, object pocketmine\event\player\PlayerQuitEvent)
#6 pmsrc/src/pocketmine/event/Event(88): pocketmine\plugin\RegisteredListener->callEvent(object pocketmine\event\player\PlayerQuitEvent)
#7 pmsrc/src/pocketmine/Player(3713): pocketmine\event\Event->call()
#8 pmsrc/src/pocketmine/network/mcpe/RakLibInterface(176): pocketmine\Player->close(object pocketmine\lang\TranslationContainer, string[21] Internal server error)
#9 pmsrc/vendor/pocketmine/raklib/src/server/ServerHandler(95): pocketmine\network\mcpe\RakLibInterface->handleEncapsulated(string[19] 123.18.55.248 59580, object raklib\protocol\EncapsulatedPacket, integer 0)
#10 pmsrc/src/pocketmine/network/mcpe/RakLibInterface(109): raklib\server\ServerHandler->handlePacket()
#11 pmsrc/src/pocketmine/network/mcpe/RakLibInterface(99): pocketmine\network\mcpe\RakLibInterface->process()
#12 pmsrc/vendor/pocketmine/snooze/src/SleeperHandler(113): pocketmine\network\mcpe\RakLibInterface->pocketmine\network\mcpe\{closure}()
#13 pmsrc/vendor/pocketmine/snooze/src/SleeperHandler(75): pocketmine\snooze\SleeperHandler->processNotifications()
#14 pmsrc/src/pocketmine/Server(2155): pocketmine\snooze\SleeperHandler->sleepUntil(double 1626627447.6597)
#15 pmsrc/src/pocketmine/Server(1992): pocketmine\Server->tickProcessor()
#16 pmsrc/src/pocketmine/Server(1586): pocketmine\Server->start()
#17 pmsrc/src/pocketmine/PocketMine(291): pocketmine\Server->__construct(object BaseClassLoader, object pocketmine\utils\MainLogger, string[16] /home/container/, string[24] /home/container/plugins/)
#18 pmsrc/src/pocketmine/PocketMine(321): pocketmine\server()
#19 pmsrc(11): require(string[71] phar:///home/container/PocketMine-MP.phar/src/pocketmine/PocketMine.php)

PocketMine-MP version: 3.21.1 [Protocol 440]
Git commit: a50ef2af6f6a695e3002f4397ff089635c181dbb
uname -a: Linux ab081f5f-65a0-48cb-9a92-6a9c90f7a9c3 4.15.0-112-generic #113-Ubuntu SMP Thu Jul 9 23:41:39 UTC 2020 x86_64
PHP Version: 7.4.21
Zend version: 3.4.0
OS : Linux, linux
Composer libraries: 
- adhocore/json-comment 1.1.2@fc2f76979f0a44a5f5bc2a2b600d0762fe0e78e7
- daverandom/callback-validator unknown@unknown
- pocketmine/binaryutils 0.1.13@0abee38d4e2861621f262c79a2a3d699d8a697f4
- pocketmine/callback-validator 1.0.3@64787469766bcaa7e5885242e85c23c25e8c55a2
- pocketmine/classloader 0.1.2@9757928424652393b178a3760073113aa7c9911b
- pocketmine/log 0.2.1@830b44a2cf96ef703c550abe64302f230231ca49
- pocketmine/log-pthreads 0.1.3@e477ecf6ec214fdd4415ea1da3fdd9d73bf699ea
- pocketmine/math 0.2.6@43057cb8c179a9859677b496a788db922fd5cfc3
- pocketmine/nbt 0.2.18@9f82ca4d7f97fcd9a566e44b63c4f18a7657ae82
- pocketmine/pocketmine-mp 3.21.1@a50ef2af6f6a695e3002f4397ff089635c181dbb
- pocketmine/raklib 0.12.11@9cce458b8bfde3e4dfdbf70c659fc7b7fe26b5c4
- pocketmine/snooze 0.1.5@70b5e7937a06878dd321a3182ceb76d56298f2cd
- pocketmine/spl 0.4.2@6b08b7cf8c4afa17139c9a1b3bf1b408531de161

Loaded plugins:
Bank 1.1.4.0 by HaKunZz for API(s) 3.0.0
BedrockClans 3.2 by Wertzui123 for API(s) 3.0.0
DevTools 1.14.2 by PocketMine Team for API(s) 3.13.0
EconomyAPI 5.7.2 by onebone for API(s) 3.0.0
EnchantUI 0.6 by UnknownOre for API(s) 3.0.0
FormAPI 1.3.0 by jojoe77777 for API(s) 3.2.0
HubDelay 0.0.2 by sProDev <suluh@teknowebapp.com> for API(s) 3.0.0
InvCrashFix 0.0.1 by  for API(s) 3.14.0
JobGUI 1.0.0 by onebone, misael38 for API(s) 3.0.0
MaskShop 1 by PLUGPLUS for API(s) 3.0.0, 3.0.1, 3.0.0-ALPHA9, 3.0.0-ALPHA10
MultiWorld 1.5.2 by CzechPMDevs, VixikCZ, fuyutsuki, kaliiks for API(s) 3.0.0
NameCorrectorPM 1.0.0 by Hoangviphb999 for API(s) 3.0.0
Scoreboards 1.0.2 by Twisted for API(s) 3.0.0
ShopGUI- 6 by ItzFabb for API(s) 3.0.0
SkyBlock 1 by  for API(s) 3
SlapperRotation 1.2.1 by jojoe77777 for API(s) 3.0.0, 3.11.0, 4.0.0
ThirstBar 1.1 by BaliGamerz for API(s) 3.0.0
TokoThirstBar 1.1 by Rand for API(s) 3.0.0, 4.0.0
WarpUI 3.3.1 by XenialDan for API(s) 3.11.0

----------------------REPORT THE DATA BELOW THIS LINE-----------------------

===BEGIN CRASH DUMP===
eNrtPItu28aWvzJQCtQpRJkvkZR6HTixnSa3duMb25uiZRAMyaHEmK/yYVsp8u97zpmhRMp24qTZ
xQKbXuSKHM6c93M49N+juKgy3ry7ElWdFPlobo9HTZKJ0dxwTMcxXdt2J57pWJYzHrWlfDRzJ4an
W7ozMwzb8abjUcrr5qiqimo0/3vUrEqYNKL7o5tQwCqAPB5loq75Ah9d5JGIk1xErKyKUlTNas6y
9q86aXw/ya8ykbe+X8N0WOj7pylfieo30VwX1eV8/sNfrWgFwIvbNH2epAhwd1lkYjcs8oYD2Gq3
TNtFkte7/y6CXy5evrsyJvpE362rcFei2VVYdhWS3QGOSbksEb6E/c9gAZwUSBrNXRBTU/EQLv8c
PdLZPwO7404fz1lZhJeiyQC+77dNkta+f4E/87kYCP8Fz6NUVDtJ3oiFqJg3ZnVTJfniT8d+y76B
NtbwPPMt+9bKGLOObpAh41XFV3/qbx+DZB8ZXyvGM3m345iPH8ys9iQC+ZyKPAJOdwi/+bX4T3gO
rlDt2NMH4FfEak9ASzxNPgiJ3Ho48pf51Qn8Hl2JvOmMwXUfgFrROZ9HAjRcrHaK4L0Im4HlyZlE
ks3KDNHjv80UZQG7J6JZFhERcXQjwrYpQAB3KuAOerUnRS4x/adNmrvoEDjb90ua1JGFkwkM0Tf9
JH2vxSKpG1GJ6Bh/wXZ3PH3LzeRU37+DF+2JoCvREfcQtsbs6zhx7uaEVu7StB3Pu4f223xqT0Ke
pnLZ19Hj3k2PnLpjuYa1RYyCSRAkemnV3t2AcumDu1lYit3X/PI4CV5CVKhiiKg7hutsQZd4AW5a
1OIullKeL3z/vOJ5nXKMkQddvFrHMtN4ywgHOB2rRQU5klFcJTpnik6gPyqqPqkVv0yTgBiQq3bP
6KdzvNl26Fa8+T4yB+oZcqc9WdLCozzkZd0CtSLaUSQas7fMMC1Ix5PpdGLaHpvOpp6+NipJCmiu
KpoiLFKQdw/KKUcaNuFVlzFV/xoN6DNgqkMn2fb9Ad8dHxKrVLZhfAWu2ewL5QfchxDWFErzXsXV
eVF8EETLWSpEuVGZcct8P4vz/rl/o1G2lfioCLK+gqBb6V9OBZEP5q15/61okjgJydI7QdwTrKXS
dkxj+lAcNd5f5FB57ERFG6SC9YpHZzpzJb7pJ/EZs5m5hU8+0Z40SXh5KvmAjCGBOZ8GNvWce4DV
Da8667svaNHlCVzumDPjHjjv3kGFA27YhuuQ+YzX4gBK4fq44NE9oV2VaScQao6LxaIXbgzndum0
iUX2/XWV5MX7LC+Wuc2L9FMlDBXQwNbRk8VfbVKJLs64EArLJa/mu7vbVGwQaCenE5x0PwlYWD8e
vf04Hon/9WbhGxfzwIOE9Q5WFOmVgFUNIIhAamEz6p7CiEQFI2ERCWTZcWDUb0rwlCRkcZuHyDNk
mOaXipfLJHzDk+awrchZsWZnPyzkg3fX8ORdpB49ZnN2VSTR3wDbcQmmD16+c/ds9i+I7zTVU1P9
pllWxTXLxTXkuSuoLKOn1aLNqKRRmtjxR3dDy9q6YYFgT/YYpJtF0bC/78b70R89/hnRzhTaj3Dj
6nCDv4Ya/KFZJrX25G5ce/cIAMG6JkEgoJYCat8p30Hx3hOdO1U0QCsseLjcUbSQ5TBesx9AINWK
ZOc6a9ntyGGITkuRP96JeVoLYtR1+4x6QwYJKJYlgoPf0fTZcAaYwUFbVViJ5dDg0hxPXzPpGZJJ
T/K9+9NPeGPRDfuJ7Ze84hk7kBmG/YDE4QRbTcDr6WbysoRwmGuDRTtBUaSdgBSEj9971++96/fe
9Xvv+r13/d67fu9dv/eu33vX773r/8vedTxaYNLhKXZyOcfXYaMBGKAnAFlu3qiNrIlpTAwcb5M0
Gs0NzzbHo6R+F4mr0ZwaB2gXVZQbzW1bByQJNpN8qovY5LETO9yZTYWl62ZsWzM3jnVv5ljT0PCM
KAgAdqtoOU7y9obxQPeMeBprzpTrmu2FgTbjM1Nz+Cyc6bELPxazJ8Z0omuGYWrEEzRLENQs7SJo
86ZlZyen7HzZsn+3KZsx05rbxtyasYvzA2bqps5uPOedY2OnuywBsTuxgU+4/QChgLi2J7p8+q6o
O8pggG5SdRMWWQlZrnoHsbfiVSJqlCuPliCLSuy+r6F0hDmquQYxTsz9ODRj15m5s1jnts2n8TQI
TW4Gjq5HuuuYsdCF6wkXwEcc1ACuXmS7mKUDCN8aNbq8we0HkNplXlzn++oXyd3oPoCKtVqR0cNU
HXAb1r7OAyEsL7KF6TkQKozYdMzQnXGTW5Ezm0UeaMqN7SGoO5FjxWvtO7bruTascZwg5NwVU8+b
mrYpvGloWqE5FV44nXJzCyC6akquqmgz92fu1J2ZYFy2MzWtmRUYrsctF8TiWqBXgB3OZoYRDCGl
xYIgmBNj37P0ACRqhvHMEbGrW4AZGXZsCwzPhP+zjJDbs1sQtLJZQvMcdYKy9oXtuiKMHRGahh1H
kW0bU8GNiFtwM4tcK4hBWoIPQWW8WSpqnH1AOnXDwAsNEO/Mm84c1w3smcNdz4uCmWnG0TSMQ2sI
Ig+ajh9vfxZ7JhAcuTHoJIxmfOo4wrYDxwrt2PC460xdLrwt4W4utaxcO/D+F3jjrYpKygVoMvZn
YSjsqRd4QRwJS9hRHAUg6xCSTRy6gRsL0wmm4ZYFyfylxDvdd/VgKtyZ5XLd8VwviiBAcssAbkXg
OtHUMWdebIbRFpAyJQjgqfsOhIjADWMvtHnMDShyITRwIwDFGIGte1PLiIThGKOP660u8s1nPL/s
xT66HY820Q59VHo+b6HNqGrcM3jBf23zPz5g+ORlgiMWtnt4L3IOWRciBqQjiIMRZOcc7ehPeFYX
cXPYH8g4balJcL6vkKMfYBh+dXb+5tXr40MYuhYBtC9IIO5dPBPQ/YaXkN8kDx3t/eE+D6DwIf1v
RNV8aBMoV78VCxuIwEaPDpleP8fUsmnKGhIapIllG0wgQu5uAO4O+AL2D8XVeVGkfdbXQ1uqs7c5
3+Q2di54NmDfsL6e/44A3++Rong+O3/6+vzi9HMcb0jbXcMAbo8gvxfZ6unpyx6/vcE+x9OJu81w
kYsA/n0rPStw0DNKCgAmNDJ9aj5rvdD2QPfRXAz4WY/12dEnzpCZC5nXXlXfjJ8NROrHJBEPM1rk
5XlRZUPNdCNDQ7S2I8j74n0hXPxvwIn59ZxsIPq+ImJ98RBWXrTBoYBWvcfLemioFH3bxmroCMBk
2b+gmW2X+41AmYqAlyUa9pNvpatnfJEcVDxudMP3O9q+LMAQgZNsNUmiXWT6ZX4FEOvl8+Smx3d/
dJt1Y8D6IHzYX89ab3sqRMxxcuP7snV5iO7UO5kNB+uXNH0j1LeNUDnzmGVJzUVqeV+kqWEQ6svs
E4yqsPG+CHx/TeRn+Tvh9eXZsih7HK6HBjxuBfvji1/g39kttsb0a6hfXXt6fPri6Wx4a3y1Mk+e
nv1aA2kPDyMnbdokb4oK26kNh5vBoR6n2/538EGEy9MTcEHMOv+V3CSXB3/QiUIo9+v2MoHrS6jU
k8v6W/liiCjLDFo+SHkZUnqNlALLfaq/NOn3GNntAQIJ/QYyOSgqfBlZVKcnPTFtP/mMzb8oeL64
SsplMJvNvpU0BjT4/uD2Ifo/w+4wKHgV9Yua/ug2V1sWcH6Nu8fRt+Knh9n3h2R8nhewfHBrrc9I
N9TnYiu1v2w+POfQbPyPRyCFCPj6Ihc9u1w9S6FC67PVDd0fgnrcfLUuFBbf/6NNY77Mkufvqy+g
O4U0LKrXRUMbjn3yt54MTczcynT3VSxdODUMurD/kdkNKXo4k+fLpKqbZ7zqsbcZ2+oJhmw9g7j4
C6yoPny7MqWD6LpO+AVMFJfFnYwMxj/JzGueR3do5x8pBfebfB+JeAgTb3hVDioRNTBsR61twn8X
ecLTQ54PGzLj68m+IYgRByuSJDy8nsINAjxBIBohqZvcsbMKazQtL7Tr5ANERrqLoIoCOjVoUxOK
QLSlO1Fv8mkvcPTodH3HDoo8ThYMj/L4+aOzNqe9ScNjhj2f2nPD6TYnDT+3dXvvt6Jhz4sW1JFL
0FpS7mFNCv9bD5VF1eyZjmW7fp4VTbTn+62uczdUvwLiiboMKK4wdef+CebkTvS3fn69BFFoKaSU
vSKO/ZznOaANhSbfOmo8XCZCHhGq98BP87rk17mGe76CDqfsGQ5g5zdqQb03BQIXINGsiMQeXMdF
BeDWI4QFhBphqpF35VVJoKMkjpMQaoHVngkwaLMaX/DWommSfFHv+XkKtKQa2tueLELUSC1EtH6M
B7P2Do+eP704PvdzaVHaX62oVoRGDVSQUCR+vJqUvK4BZLT3E/0HkmibQqv5laBFV4m4Rq03HISz
5/n5TVDcaGjWEga+2Gz5QuyJfOEPd2Mnqwz3rh4xjA4sJEvozgehQTCQEBtYHZgIO1+KWrCOdcYr
wZqlYFDD13DBGxaiquggU5KHaRuJCC7YLUNEWGdFBitjBLANs+YxNAUFPKlqBMmCSvBLtiraqnv5
msQMNJfECWEIZbGTrhDwb+J6DW43EjEH5dXsush/bBjGd14xFGMGzOI+8gopxLNCku/rpchZWy4q
jkc7Jj5alwI293PGHr1ZCiSMNQVgySMGINSbGZCBeocMRNFjIhWMnANgkGcqGpIXVK1JKJh8B4oj
GUKWNtnpbM7oTQY+qJdtExVg4OoQ35z5I/nqidE77cgfEWVP07S4Zug2QEx3IIRdJZz9B+0M55DB
aerRnGE8o6VHZH5qDQO6GHoCHgICoSC0YMWUKHG+stb14x6xj94kIJAiB7nyKGKVqKX4Uaz48o5l
guMbT3ReBkIPBBINwhF/tTxFsS2SK5h7xdNWsB2FFKLQY4QuMYKfCIwzGogd35vN4THh/q3NApAK
WNXTepWH59CjMXzdCnY0oQkXIC0y7Y5TnLasoIprQXswvR4z8mGmPB38YczwrUolD8OQbCBY41jW
5uo1qgR+RuoFnsDKquImAQsTIAZgiSw3XxOHslUEvYzRVnEO2uSYJc2PIL6momWRwHhGJrO1mO0A
Dy34jUliITY0xemcQG3bKifjqNo8R3VGGJOKkpRAr9HqCcMdFHkN/fhiCc6M1ey473zKcFAiVdWW
jRyVAkPBZECb4ouUC05JL5si6RCcjsC19d0UoI2gzRUgaLCuSc/QYLImJ60tDeI7xO5qJZ3yl7QI
8GQGJGMmx8EPsqRB387EggerBiTOzqSodRKuzJa0/By1dp2Q5MmiwGmvNQmoM7KaOIwTIBEiEh1Z
QTBxJUSHUho5aKtFN2WLAhRVoJuiVSCiBZGpEWlzpiMXgJ1CsHzh83+eA6xuPkU/JtF/Rn/dFCWR
oMLnmiQFrmYQPjAxQtzrCEKsHVWGbtqKMAoCb8grFH31j9+AQvILIgkjBgvl8VLwdHnmC627kCRL
j8RktZ4tbkIoC+oNRzJwvTo/mrPzFy/P2PHLk5fn7Onp6fHLozN2evSaQY3469HrMYNJ7PwVzDpi
b168Oj5ip69fHRydnU22Q8BAHubUUeI4FVVSUELGQFwjg+FSUEgmaayDrQGyh5IgothCUzQIhUKG
WQKFJ6SSHAI0WBPye5+xSSODeg4TYI7TFDKCLIFA6N0EcpmRCMcrzCGY52nB5PZstAVVmoPaShFi
OSAli+RKvcq1ax7AvERZb1i1dMVr/fhukhTnluJ8wasAPEMLizSVtSYFoLulS66G5KhVTK2C2J3x
vKXio08JFGYt2ODjcZcTto2wM0OZXuMYYEl+s40LTtgrGfOlwUP1ULRptKYlgSRynbMN/bUEXBL5
wKij64pXwPacgsWtJEmmIyGseYurIuuSrVytZmh90+xrGLlRmrxlG+wOkxpYx1lXMKLKKsCEZqgM
OWqzUlZXsoRj6oGGDzp9HeIktYBoJzI7DvCg+rUAZ+d3CBiSNiQ+wHAFRlbXrcDA0CxBa4uu2sSg
hdg2VI07RcoaQRWVE0kNTr1XTtjIhMs2v6w72g94iaNJ1maQYyG9VqxrA1CRTLY9koqNXNFflCjJ
Y27bGBTbpaKIEGpYBbeQdO21xg4L+WjbprE2wqgn4cvJnQtJWGpinzOqHLQQ+jmx5u0QSKFaBcpH
lB5QJwsMCaWkI4NMrpEcbriDZUqeqhVWmHHyptpFAeIHAx3cT4P6lB36uTrPN1cpAkqzZZHKEjPg
DfSpWIkTyTUermQqyVBsk52PeipTSyDWxaZMb4/6WuoeYVitVg0CHzPN6CmQlEeItaYjRqUAitqb
Opa6UiwhI8l5Lc+yy8V4/l+SNWEvoBYEW9qj4o4dnF6MYS3QEIB/XScRmD3VCjJ6ruFrBH/OnK7s
3lTkNUmnN3fCnkYQqJY8jXehlZRtQoQv1xQqQMpwzwQNrOeIm7TXA9ZvRY5uMKphicnTCUMiLk7z
067Y3jSA2EsgUdeQNnFhW+alpu63upsT5XV18kGs9YlleafGGhOeKpmgbJfm0Uut9syUix5P2Kla
k/JqQQu46kSVLRDGuOILZAF0AmKry5QqFmwvMyAenZ1XqKeDNMH9EOqX8cieqBt2cn5BlNbAErId
tA3D/pxUuUEnm4tJF2uyptVw1ZyoRSuPRNAu5l3D8oQZ2Kiocm0JrkrPmWpPa9lQoyXndSETl7IG
A4HJ4CShHSwLaGDRArs+RXSdKEWwiDec1fyqi5S49dHtAuGzXgsLhNH2nCxY1H7E+yLJZTNM+0A/
st+D4gatvmIvD9nO7xcvDx8Dz2DyQAPMv4ZwD5Z0lUCqA8PA/qWC5mWyqQDBEgqaQsLOwdJ/f3bc
wVe9TW/kR0KGe0OUNKH6wCaX0jDxVnS7IyqFDHZwCC08S+KVdtMm0YZbDmUKBDfBmy5sAvvy6GPX
BVAHqQgFs4GikyqyvAjTpGS0FqzmhK/AYrCTzIqrrinHjKbSAIVirXsmUdabANhtdPU3SM5ph0Oa
u/xzKFIXNFfZdlurnZYQHLmRoU6t0eSaOSuhRrpKUkQjw7gKUQoL5iGeL9Z9Qo7L0u10OO5mDfbK
7tyUkkp+mhUtenAs841yaBSlUjHmV4xQtB0BZojXlCBh8WtKl73FxHguZPsbCAksEPhpHKNNS8pw
y87eycRpL3OQeCX7iGjNPsQhxrdJVQe8ARt+eHcXlfrdZPIKt3UZ79wOiO0W4++aGot8GTcHtLYE
+xV1LzbSR3iEiLZu+655SMgC3O6tKQChPEWFmmbyPClT3DG1mdIlcFozYB3gacxkj9gC2rB6I57N
hs1aQpPbIlKhCb97RGzyo0Spm7Io5bcQJDN5g5lMfmMoA6JF4ZAKfK1UQQxzCcYlSHaqdKZdWrlF
NVdJHHfUqG2UwzIHKn0luDvb7XX0nBztXcOvXLeG1u42HC6XUG3GRU8j4GWafMu9nrksUDNEyqTM
snKSFEQxBLJVhm1Pje++auCw3pCOvZx6zjbPiQUKYnyxqKCBlptlamdNbiDgV46X2/wRfeDBrw5f
4elyTYV8mfkwKFwLWVtz+pYWMdZE+IYBGpv0trMh0a4lL01TKueWUEGh8rkyJsjxeCSaMlW/RKTx
oi86qLpztJPeztUY4mO55GMYxlheIV1dFQahNxYVVNoaRqAc05982mUrmSv4YCdMvaTqpdcWKk7I
5BTFumChAJLm5fMOxy1NS177qm6SbBOrVf5FoDgfPQFDM2oWAyYipC0+tajbzp1sEKgnfQydND+d
4VXYltqVXtHbOVEwAHyj5NntkSzVIEUMbHJU3awiBm45Q2sSUeGYxGtA0H0AI/L9AkagbuNAxjiA
p0Jkl9l4mvBadSVQSPKsTLs7LHmARqWreac0+QzsFnew5uxPqlUgf45pS+stAqWGY5Mm++89iA2s
G6skUpsG3bsm2g24K2NRQqcMXVN9TM0mHlsBWlW67ZMv8RIN8pLhGyrMCjJ7bTDO2fPjp+dz82d3
PJ3dGGPrxhqbPxs/R1gPye/om0rADQTXPU+XoVje2dPHssiTrxj6vbr0cMwtIGO1lUalB+2FgdbC
FZNf0eC31jIodw1KtX45QREH4ECqCunlT90JTOtebIAtyGr20XMKNYSK5g+AtFQpqD870BvRqLTs
1XwFfTnNxA0Evlr1duEldgc19TEgkSCBunwlaziah/wCKdB5yDQifUZySfChGKnWsXo0HombRuRo
R3QE5wAqhP5XIOjF/fs0CW7oDd56BIwir+vBUBkOgdR/AZHCGnxdIg/Tr++DUH0zsB7Bl1d5hCcC
emPVqmwKOpEoz3aH6u9ObGa01YAUSPFwa+q6ZRjmTP4BiUYMgMbN4LuXRTS4ywYPl5C/BpxBWRfh
e/DeGH7sMhAZOkQUdF8z4B/FCOSLu/6ss9PjoQjzZsDI6eGr/m22AqHSBzrqim2WRsU7KfHB+uVQ
lJsc9o5KlP73MfS9T1Hj2dDegs2nIXhe18CvnsYj6FRaikKLVoqhW/9axGp7ZiCvZVYMBHqWYIT4
/WTAfE201bf4TfojyUJ+2KPowc9HmuJS5FAvDRjdMle4RTZuzbmuki27WHFaaSqlfUhKefRkSqez
UcpEVH/JH1hvvTqlnZ3N+MeP/w3gt9wz
===END CRASH DUMP===
